Exception on / [GET]
Traceback (most recent call last):
  File "C:\Users\ajimmy\AppData\Local\Programs\Python\Python37\lib\site-packages\flask\app.py", line 2529, in wsgi_app
    response = self.full_dispatch_request()
  File "C:\Users\ajimmy\AppData\Local\Programs\Python\Python37\lib\site-packages\flask\app.py", line 1825, in full_dispatch_request
    rv = self.handle_user_exception(e)
  File "C:\Users\ajimmy\AppData\Local\Programs\Python\Python37\lib\site-packages\flask\app.py", line 1823, in full_dispatch_request
    rv = self.dispatch_request()
  File "C:\Users\ajimmy\AppData\Local\Programs\Python\Python37\lib\site-packages\flask\app.py", line 1799, in dispatch_request
    return self.ensure_sync(self.view_functions[rule.endpoint])(**view_args)
  File "C:\Users\ajimmy\Python\MaLiknot\app.py", line 48, in index
    if flask_login.current_user.is_authenticated:
  File "C:\Users\ajimmy\AppData\Local\Programs\Python\Python37\lib\site-packages\werkzeug\local.py", line 316, in __get__
    obj = instance._get_current_object()
  File "C:\Users\ajimmy\AppData\Local\Programs\Python\Python37\lib\site-packages\werkzeug\local.py", line 520, in _get_current_object
    return get_name(local())  # type: ignore
  File "C:\Users\ajimmy\AppData\Local\Programs\Python\Python37\lib\site-packages\flask_login\utils.py", line 25, in <lambda>
    current_user = LocalProxy(lambda: _get_user())
  File "C:\Users\ajimmy\AppData\Local\Programs\Python\Python37\lib\site-packages\flask_login\utils.py", line 370, in _get_user
    current_app.login_manager._load_user()
  File "C:\Users\ajimmy\AppData\Local\Programs\Python\Python37\lib\site-packages\flask_login\login_manager.py", line 349, in _load_user
    "Missing user_loader or request_loader. Refer to "
Exception: Missing user_loader or request_loader. Refer to http://flask-login.readthedocs.io/#how-it-works for more info.
New User Created: Defaccount
{'userid': 'jimmyadda', 'email': 'addajimmy@gmail.com', 'name': 'Defaccount'}Has Logged in
Exception on / [GET]
Traceback (most recent call last):
  File "C:\Users\ajimmy\AppData\Local\Programs\Python\Python37\lib\site-packages\flask\app.py", line 2529, in wsgi_app
    response = self.full_dispatch_request()
  File "C:\Users\ajimmy\AppData\Local\Programs\Python\Python37\lib\site-packages\flask\app.py", line 1825, in full_dispatch_request
    rv = self.handle_user_exception(e)
  File "C:\Users\ajimmy\AppData\Local\Programs\Python\Python37\lib\site-packages\flask\app.py", line 1823, in full_dispatch_request
    rv = self.dispatch_request()
  File "C:\Users\ajimmy\AppData\Local\Programs\Python\Python37\lib\site-packages\flask\app.py", line 1799, in dispatch_request
    return self.ensure_sync(self.view_functions[rule.endpoint])(**view_args)
  File "C:\Users\ajimmy\Python\MaLiknot\app.py", line 116, in index
    data = get_db()
  File "C:\Users\ajimmy\AppData\Local\Programs\Python\Python37\lib\site-packages\flask\templating.py", line 147, in render_template
    return _render(app, template, context)
  File "C:\Users\ajimmy\AppData\Local\Programs\Python\Python37\lib\site-packages\flask\templating.py", line 130, in _render
    rv = template.render(context)
  File "C:\Users\ajimmy\AppData\Local\Programs\Python\Python37\lib\site-packages\jinja2\environment.py", line 1304, in render
    self.environment.handle_exception()
  File "C:\Users\ajimmy\AppData\Local\Programs\Python\Python37\lib\site-packages\jinja2\environment.py", line 925, in handle_exception
    raise rewrite_traceback_stack(source=source)
  File "C:\Users\ajimmy\Python\MaLiknot\templates\index.html", line 56, in top-level template code
    {% for item in all_items%}
  File "C:\Users\ajimmy\Python\MaLiknot\templates\base.html", line 18, in top-level template code
    {% include 'navbar.html' %}
  File "C:\Users\ajimmy\AppData\Local\Programs\Python\Python37\lib\site-packages\jinja2\environment.py", line 925, in handle_exception
    raise rewrite_traceback_stack(source=source)
  File "C:\Users\ajimmy\Python\MaLiknot\templates\navbar.html", line 3, in template
    <a class="navbar-brand" href="{%url 'home' %}">Ecommerce</a>
jinja2.exceptions.TemplateSyntaxError: Encountered unknown tag 'url'.
{'userid': 'jimmyadda', 'email': 'addajimmy@gmail.com', 'name': 'Defaccount'}Has Logged in
Exception on / [GET]
Traceback (most recent call last):
  File "C:\Users\ajimmy\AppData\Local\Programs\Python\Python37\lib\site-packages\flask\app.py", line 2529, in wsgi_app
    response = self.full_dispatch_request()
  File "C:\Users\ajimmy\AppData\Local\Programs\Python\Python37\lib\site-packages\flask\app.py", line 1825, in full_dispatch_request
    rv = self.handle_user_exception(e)
  File "C:\Users\ajimmy\AppData\Local\Programs\Python\Python37\lib\site-packages\flask\app.py", line 1823, in full_dispatch_request
    rv = self.dispatch_request()
  File "C:\Users\ajimmy\AppData\Local\Programs\Python\Python37\lib\site-packages\flask\app.py", line 1799, in dispatch_request
    return self.ensure_sync(self.view_functions[rule.endpoint])(**view_args)
  File "C:\Users\ajimmy\Python\MaLiknot\app.py", line 116, in index
    data = get_db()
  File "C:\Users\ajimmy\AppData\Local\Programs\Python\Python37\lib\site-packages\flask\templating.py", line 147, in render_template
    return _render(app, template, context)
  File "C:\Users\ajimmy\AppData\Local\Programs\Python\Python37\lib\site-packages\flask\templating.py", line 130, in _render
    rv = template.render(context)
  File "C:\Users\ajimmy\AppData\Local\Programs\Python\Python37\lib\site-packages\jinja2\environment.py", line 1304, in render
    self.environment.handle_exception()
  File "C:\Users\ajimmy\AppData\Local\Programs\Python\Python37\lib\site-packages\jinja2\environment.py", line 925, in handle_exception
    raise rewrite_traceback_stack(source=source)
  File "C:\Users\ajimmy\Python\MaLiknot\templates\index.html", line 56, in top-level template code
    {% for item in all_items%}
  File "C:\Users\ajimmy\Python\MaLiknot\templates\base.html", line 18, in top-level template code
    {% include 'navbar.html' %}
  File "C:\Users\ajimmy\AppData\Local\Programs\Python\Python37\lib\site-packages\jinja2\environment.py", line 925, in handle_exception
    raise rewrite_traceback_stack(source=source)
  File "C:\Users\ajimmy\Python\MaLiknot\templates\navbar.html", line 23, in template
    <li><a class="dropdown-item" href="{% url 'category' category.slug %}">{{category.name}}</a></li>
jinja2.exceptions.TemplateSyntaxError: Encountered unknown tag 'url'. Jinja was looking for the following tags: 'endfor' or 'else'. The innermost block that needs to be closed is 'for'.
{'userid': 'jimmyadda', 'email': 'addajimmy@gmail.com', 'name': 'Defaccount'}Has Logged in
Exception on / [GET]
Traceback (most recent call last):
  File "C:\Users\ajimmy\AppData\Local\Programs\Python\Python37\lib\site-packages\flask\app.py", line 2529, in wsgi_app
    response = self.full_dispatch_request()
  File "C:\Users\ajimmy\AppData\Local\Programs\Python\Python37\lib\site-packages\flask\app.py", line 1825, in full_dispatch_request
    rv = self.handle_user_exception(e)
  File "C:\Users\ajimmy\AppData\Local\Programs\Python\Python37\lib\site-packages\flask\app.py", line 1823, in full_dispatch_request
    rv = self.dispatch_request()
  File "C:\Users\ajimmy\AppData\Local\Programs\Python\Python37\lib\site-packages\flask\app.py", line 1799, in dispatch_request
    return self.ensure_sync(self.view_functions[rule.endpoint])(**view_args)
  File "C:\Users\ajimmy\Python\MaLiknot\app.py", line 116, in index
    data = get_db()
  File "C:\Users\ajimmy\AppData\Local\Programs\Python\Python37\lib\site-packages\flask\templating.py", line 147, in render_template
    return _render(app, template, context)
  File "C:\Users\ajimmy\AppData\Local\Programs\Python\Python37\lib\site-packages\flask\templating.py", line 130, in _render
    rv = template.render(context)
  File "C:\Users\ajimmy\AppData\Local\Programs\Python\Python37\lib\site-packages\jinja2\environment.py", line 1304, in render
    self.environment.handle_exception()
  File "C:\Users\ajimmy\AppData\Local\Programs\Python\Python37\lib\site-packages\jinja2\environment.py", line 925, in handle_exception
    raise rewrite_traceback_stack(source=source)
  File "C:\Users\ajimmy\Python\MaLiknot\templates\index.html", line 56, in top-level template code
    {% for item in all_items%}
  File "C:\Users\ajimmy\Python\MaLiknot\templates\base.html", line 18, in top-level template code
    {% include 'navbar.html' %}
  File "C:\Users\ajimmy\Python\MaLiknot\templates\navbar.html", line 8, in top-level template code
    <li class="nav-item"><a class="nav-link" href="{{ url_for('logout') }}">About</a></li>
  File "C:\Users\ajimmy\AppData\Local\Programs\Python\Python37\lib\site-packages\flask\app.py", line 2034, in url_for
    return self.handle_url_build_error(error, endpoint, values)
  File "C:\Users\ajimmy\AppData\Local\Programs\Python\Python37\lib\site-packages\flask\app.py", line 2028, in url_for
    force_external=_external,
  File "C:\Users\ajimmy\AppData\Local\Programs\Python\Python37\lib\site-packages\werkzeug\routing\map.py", line 917, in build
    raise BuildError(endpoint, values, method, self)
werkzeug.routing.exceptions.BuildError: Could not build url for endpoint 'logout'. Did you mean 'logout_page' instead?
{'userid': 'jimmyadda', 'email': 'addajimmy@gmail.com', 'name': 'Defaccount'}Has Logged in
Exception on / [GET]
Traceback (most recent call last):
  File "C:\Users\ajimmy\AppData\Local\Programs\Python\Python37\lib\site-packages\flask\app.py", line 2529, in wsgi_app
    response = self.full_dispatch_request()
  File "C:\Users\ajimmy\AppData\Local\Programs\Python\Python37\lib\site-packages\flask\app.py", line 1825, in full_dispatch_request
    rv = self.handle_user_exception(e)
  File "C:\Users\ajimmy\AppData\Local\Programs\Python\Python37\lib\site-packages\flask\app.py", line 1823, in full_dispatch_request
    rv = self.dispatch_request()
  File "C:\Users\ajimmy\AppData\Local\Programs\Python\Python37\lib\site-packages\flask\app.py", line 1799, in dispatch_request
    return self.ensure_sync(self.view_functions[rule.endpoint])(**view_args)
  File "C:\Users\ajimmy\Python\MaLiknot\app.py", line 116, in index
    data = get_db()
  File "C:\Users\ajimmy\AppData\Local\Programs\Python\Python37\lib\site-packages\flask\templating.py", line 147, in render_template
    return _render(app, template, context)
  File "C:\Users\ajimmy\AppData\Local\Programs\Python\Python37\lib\site-packages\flask\templating.py", line 130, in _render
    rv = template.render(context)
  File "C:\Users\ajimmy\AppData\Local\Programs\Python\Python37\lib\site-packages\jinja2\environment.py", line 1304, in render
    self.environment.handle_exception()
  File "C:\Users\ajimmy\AppData\Local\Programs\Python\Python37\lib\site-packages\jinja2\environment.py", line 925, in handle_exception
    raise rewrite_traceback_stack(source=source)
  File "C:\Users\ajimmy\Python\MaLiknot\templates\index.html", line 56, in top-level template code
    {% for item in all_items%}
  File "C:\Users\ajimmy\Python\MaLiknot\templates\base.html", line 18, in top-level template code
    {% include 'navbar.html' %}
  File "C:\Users\ajimmy\Python\MaLiknot\templates\navbar.html", line 8, in top-level template code
    <li class="nav-item"><a class="nav-link" href="{{ url_for('logout_page') }}">About</a></li>
  File "C:\Users\ajimmy\AppData\Local\Programs\Python\Python37\lib\site-packages\flask\app.py", line 2034, in url_for
    return self.handle_url_build_error(error, endpoint, values)
  File "C:\Users\ajimmy\AppData\Local\Programs\Python\Python37\lib\site-packages\flask\app.py", line 2028, in url_for
    force_external=_external,
  File "C:\Users\ajimmy\AppData\Local\Programs\Python\Python37\lib\site-packages\werkzeug\routing\map.py", line 917, in build
    raise BuildError(endpoint, values, method, self)
werkzeug.routing.exceptions.BuildError: Could not build url for endpoint 'logout'. Did you mean 'logout_page' instead?
{'userid': 'jimmyadda', 'email': 'addajimmy@gmail.com', 'name': 'Defaccount'}Has Logged in
Exception on / [GET]
Traceback (most recent call last):
  File "C:\Users\ajimmy\AppData\Local\Programs\Python\Python37\lib\site-packages\flask\app.py", line 2529, in wsgi_app
    response = self.full_dispatch_request()
  File "C:\Users\ajimmy\AppData\Local\Programs\Python\Python37\lib\site-packages\flask\app.py", line 1825, in full_dispatch_request
    rv = self.handle_user_exception(e)
  File "C:\Users\ajimmy\AppData\Local\Programs\Python\Python37\lib\site-packages\flask\app.py", line 1823, in full_dispatch_request
    rv = self.dispatch_request()
  File "C:\Users\ajimmy\AppData\Local\Programs\Python\Python37\lib\site-packages\flask\app.py", line 1799, in dispatch_request
    return self.ensure_sync(self.view_functions[rule.endpoint])(**view_args)
  File "C:\Users\ajimmy\Python\MaLiknot\app.py", line 116, in index
    data = get_db()
  File "C:\Users\ajimmy\AppData\Local\Programs\Python\Python37\lib\site-packages\flask\templating.py", line 147, in render_template
    return _render(app, template, context)
  File "C:\Users\ajimmy\AppData\Local\Programs\Python\Python37\lib\site-packages\flask\templating.py", line 130, in _render
    rv = template.render(context)
  File "C:\Users\ajimmy\AppData\Local\Programs\Python\Python37\lib\site-packages\jinja2\environment.py", line 1304, in render
    self.environment.handle_exception()
  File "C:\Users\ajimmy\AppData\Local\Programs\Python\Python37\lib\site-packages\jinja2\environment.py", line 925, in handle_exception
    raise rewrite_traceback_stack(source=source)
  File "C:\Users\ajimmy\Python\MaLiknot\templates\index.html", line 56, in top-level template code
    {% for item in all_items%}
  File "C:\Users\ajimmy\Python\MaLiknot\templates\base.html", line 18, in top-level template code
    {% include 'navbar.html' %}
  File "C:\Users\ajimmy\Python\MaLiknot\templates\navbar.html", line 8, in top-level template code
    <li class="nav-item"><a class="nav-link" href="{{ url_for('logout_page') }}">About</a></li>
  File "C:\Users\ajimmy\AppData\Local\Programs\Python\Python37\lib\site-packages\flask\app.py", line 2034, in url_for
    return self.handle_url_build_error(error, endpoint, values)
  File "C:\Users\ajimmy\AppData\Local\Programs\Python\Python37\lib\site-packages\flask\app.py", line 2028, in url_for
    force_external=_external,
  File "C:\Users\ajimmy\AppData\Local\Programs\Python\Python37\lib\site-packages\werkzeug\routing\map.py", line 917, in build
    raise BuildError(endpoint, values, method, self)
werkzeug.routing.exceptions.BuildError: Could not build url for endpoint 'logout'. Did you mean 'logout_page' instead?
{'userid': 'jimmyadda', 'email': 'addajimmy@gmail.com', 'name': 'Defaccount'}Has Logged in
Exception on / [GET]
Traceback (most recent call last):
  File "C:\Users\ajimmy\AppData\Local\Programs\Python\Python37\lib\site-packages\flask\app.py", line 2529, in wsgi_app
    response = self.full_dispatch_request()
  File "C:\Users\ajimmy\AppData\Local\Programs\Python\Python37\lib\site-packages\flask\app.py", line 1825, in full_dispatch_request
    rv = self.handle_user_exception(e)
  File "C:\Users\ajimmy\AppData\Local\Programs\Python\Python37\lib\site-packages\flask\app.py", line 1823, in full_dispatch_request
    rv = self.dispatch_request()
  File "C:\Users\ajimmy\AppData\Local\Programs\Python\Python37\lib\site-packages\flask\app.py", line 1799, in dispatch_request
    return self.ensure_sync(self.view_functions[rule.endpoint])(**view_args)
  File "C:\Users\ajimmy\Python\MaLiknot\app.py", line 118, in index
    return render_template('index.html', all_items=data,categories=categories)
  File "C:\Users\ajimmy\AppData\Local\Programs\Python\Python37\lib\site-packages\flask\templating.py", line 147, in render_template
    return _render(app, template, context)
  File "C:\Users\ajimmy\AppData\Local\Programs\Python\Python37\lib\site-packages\flask\templating.py", line 130, in _render
    rv = template.render(context)
  File "C:\Users\ajimmy\AppData\Local\Programs\Python\Python37\lib\site-packages\jinja2\environment.py", line 1304, in render
    self.environment.handle_exception()
  File "C:\Users\ajimmy\AppData\Local\Programs\Python\Python37\lib\site-packages\jinja2\environment.py", line 925, in handle_exception
    raise rewrite_traceback_stack(source=source)
  File "C:\Users\ajimmy\Python\MaLiknot\templates\index.html", line 56, in top-level template code
    {% for item in all_items%}
  File "C:\Users\ajimmy\Python\MaLiknot\templates\base.html", line 18, in top-level template code
    {% include 'navbar.html' %}
  File "C:\Users\ajimmy\Python\MaLiknot\templates\navbar.html", line 9, in top-level template code
    {%if user.is_authenticated%}
  File "C:\Users\ajimmy\AppData\Local\Programs\Python\Python37\lib\site-packages\jinja2\environment.py", line 474, in getattr
    return getattr(obj, attribute)
jinja2.exceptions.UndefinedError: 'user' is undefined
{'userid': 'jimmyadda', 'email': 'addajimmy@gmail.com', 'name': 'Defaccount'}Has Logged in
Exception on / [GET]
Traceback (most recent call last):
  File "C:\Users\ajimmy\AppData\Local\Programs\Python\Python37\lib\site-packages\flask\app.py", line 2529, in wsgi_app
    response = self.full_dispatch_request()
  File "C:\Users\ajimmy\AppData\Local\Programs\Python\Python37\lib\site-packages\flask\app.py", line 1825, in full_dispatch_request
    rv = self.handle_user_exception(e)
  File "C:\Users\ajimmy\AppData\Local\Programs\Python\Python37\lib\site-packages\flask\app.py", line 1823, in full_dispatch_request
    rv = self.dispatch_request()
  File "C:\Users\ajimmy\AppData\Local\Programs\Python\Python37\lib\site-packages\flask\app.py", line 1799, in dispatch_request
    return self.ensure_sync(self.view_functions[rule.endpoint])(**view_args)
  File "C:\Users\ajimmy\Python\MaLiknot\app.py", line 118, in index
    else:
  File "C:\Users\ajimmy\AppData\Local\Programs\Python\Python37\lib\site-packages\flask\templating.py", line 147, in render_template
    return _render(app, template, context)
  File "C:\Users\ajimmy\AppData\Local\Programs\Python\Python37\lib\site-packages\flask\templating.py", line 130, in _render
    rv = template.render(context)
  File "C:\Users\ajimmy\AppData\Local\Programs\Python\Python37\lib\site-packages\jinja2\environment.py", line 1304, in render
    self.environment.handle_exception()
  File "C:\Users\ajimmy\AppData\Local\Programs\Python\Python37\lib\site-packages\jinja2\environment.py", line 925, in handle_exception
    raise rewrite_traceback_stack(source=source)
  File "C:\Users\ajimmy\Python\MaLiknot\templates\index.html", line 56, in top-level template code
    {% for item in all_items%}
  File "C:\Users\ajimmy\Python\MaLiknot\templates\base.html", line 18, in top-level template code
    {% include 'navbar.html' %}
  File "C:\Users\ajimmy\Python\MaLiknot\templates\navbar.html", line 9, in top-level template code
    {%if user.is_authenticated%}
  File "C:\Users\ajimmy\AppData\Local\Programs\Python\Python37\lib\site-packages\jinja2\environment.py", line 474, in getattr
    return getattr(obj, attribute)
jinja2.exceptions.UndefinedError: 'user' is undefined
{'userid': 'jimmyadda', 'email': 'addajimmy@gmail.com', 'name': 'Defaccount'}Has Logged in
Exception on / [GET]
Traceback (most recent call last):
  File "C:\Users\ajimmy\AppData\Local\Programs\Python\Python37\lib\site-packages\flask\app.py", line 2529, in wsgi_app
    response = self.full_dispatch_request()
  File "C:\Users\ajimmy\AppData\Local\Programs\Python\Python37\lib\site-packages\flask\app.py", line 1825, in full_dispatch_request
    rv = self.handle_user_exception(e)
  File "C:\Users\ajimmy\AppData\Local\Programs\Python\Python37\lib\site-packages\flask\app.py", line 1823, in full_dispatch_request
    rv = self.dispatch_request()
  File "C:\Users\ajimmy\AppData\Local\Programs\Python\Python37\lib\site-packages\flask\app.py", line 1799, in dispatch_request
    return self.ensure_sync(self.view_functions[rule.endpoint])(**view_args)
  File "C:\Users\ajimmy\Python\MaLiknot\app.py", line 115, in index
    return render_template('index.html',user=flask_login.current_user, all_items=data,categories=categories)
  File "C:\Users\ajimmy\AppData\Local\Programs\Python\Python37\lib\site-packages\flask\templating.py", line 147, in render_template
    return _render(app, template, context)
  File "C:\Users\ajimmy\AppData\Local\Programs\Python\Python37\lib\site-packages\flask\templating.py", line 130, in _render
    rv = template.render(context)
  File "C:\Users\ajimmy\AppData\Local\Programs\Python\Python37\lib\site-packages\jinja2\environment.py", line 1304, in render
    self.environment.handle_exception()
  File "C:\Users\ajimmy\AppData\Local\Programs\Python\Python37\lib\site-packages\jinja2\environment.py", line 925, in handle_exception
    raise rewrite_traceback_stack(source=source)
  File "C:\Users\ajimmy\Python\MaLiknot\templates\index.html", line 56, in top-level template code
    {% for item in all_items%}
  File "C:\Users\ajimmy\Python\MaLiknot\templates\base.html", line 18, in top-level template code
    {% include 'navbar.html' %}
  File "C:\Users\ajimmy\Python\MaLiknot\templates\navbar.html", line 23, in top-level template code
    <li><a class="dropdown-item" href="{{ url_for('category_name', product_name= category.name) }}">{{category.name}}</a></li>
  File "C:\Users\ajimmy\AppData\Local\Programs\Python\Python37\lib\site-packages\flask\app.py", line 2034, in url_for
    return self.handle_url_build_error(error, endpoint, values)
  File "C:\Users\ajimmy\AppData\Local\Programs\Python\Python37\lib\site-packages\flask\app.py", line 2028, in url_for
    force_external=_external,
  File "C:\Users\ajimmy\AppData\Local\Programs\Python\Python37\lib\site-packages\werkzeug\routing\map.py", line 917, in build
    raise BuildError(endpoint, values, method, self)
werkzeug.routing.exceptions.BuildError: Could not build url for endpoint 'category_name' with values ['product_name']. Did you forget to specify values ['category_name']?
{'userid': 'jimmyadda', 'email': 'addajimmy@gmail.com', 'name': 'Defaccount'}Has Logged in
{'userid': 'jimmyadda', 'email': 'addajimmy@gmail.com', 'name': 'Defaccount'}Has Logged in
{'userid': 'jimmyadda', 'email': 'addajimmy@gmail.com', 'name': 'Defaccount'}Has Logged in
{'userid': 'jimmyadda', 'email': 'addajimmy@gmail.com', 'name': 'Defaccount'}Has Logged in
{'userid': 'jimmyadda', 'email': 'addajimmy@gmail.com', 'name': 'Defaccount'}Has Logged in
{'userid': 'jimmyadda', 'email': 'addajimmy@gmail.com', 'name': 'Defaccount'}Has Logged in
Exception on / [GET]
Traceback (most recent call last):
  File "C:\Users\ajimmy\AppData\Local\Programs\Python\Python37\lib\site-packages\flask\app.py", line 2529, in wsgi_app
    response = self.full_dispatch_request()
  File "C:\Users\ajimmy\AppData\Local\Programs\Python\Python37\lib\site-packages\flask\app.py", line 1825, in full_dispatch_request
    rv = self.handle_user_exception(e)
  File "C:\Users\ajimmy\AppData\Local\Programs\Python\Python37\lib\site-packages\flask\app.py", line 1823, in full_dispatch_request
    rv = self.dispatch_request()
  File "C:\Users\ajimmy\AppData\Local\Programs\Python\Python37\lib\site-packages\flask\app.py", line 1799, in dispatch_request
    return self.ensure_sync(self.view_functions[rule.endpoint])(**view_args)
  File "C:\Users\ajimmy\Python\MaLiknot\app.py", line 114, in index
    categories = get_categories()
  File "C:\Users\ajimmy\Python\MaLiknot\HandelDB.py", line 56, in get_categories
    rows = [dict(record) for record in all_cat_data]
  File "C:\Users\ajimmy\Python\MaLiknot\HandelDB.py", line 56, in <listcomp>
    rows = [dict(record) for record in all_cat_data]
TypeError: cannot convert dictionary update sequence element #0 to a sequence
{'userid': 'jimmyadda', 'email': 'addajimmy@gmail.com', 'name': 'Defaccount'}Has Logged in
{'userid': 'jimmyadda', 'email': 'addajimmy@gmail.com', 'name': 'Defaccount'}Has Logged in
{'userid': 'jimmyadda', 'email': 'addajimmy@gmail.com', 'name': 'Defaccount'}Has Logged in
Exception on /category/יבשים [GET]
Traceback (most recent call last):
  File "C:\Users\ajimmy\AppData\Local\Programs\Python\Python37\lib\site-packages\flask\app.py", line 2529, in wsgi_app
    response = self.full_dispatch_request()
  File "C:\Users\ajimmy\AppData\Local\Programs\Python\Python37\lib\site-packages\flask\app.py", line 1825, in full_dispatch_request
    rv = self.handle_user_exception(e)
  File "C:\Users\ajimmy\AppData\Local\Programs\Python\Python37\lib\site-packages\flask\app.py", line 1823, in full_dispatch_request
    rv = self.dispatch_request()
  File "C:\Users\ajimmy\AppData\Local\Programs\Python\Python37\lib\site-packages\flask\app.py", line 1799, in dispatch_request
    return self.ensure_sync(self.view_functions[rule.endpoint])(**view_args)
  File "C:\Users\ajimmy\Python\MaLiknot\app.py", line 134, in category_name
    cat_items = database_read("select p.id,p.name,cat.name as catName from products p left JOIN categories  cat on category_id = cat.idwhere cat.name = '{category_name}'")
  File "C:\Users\ajimmy\Python\MaLiknot\HandelDB.py", line 34, in database_read
    db.execute(sql)
sqlite3.OperationalError: near "cat": syntax error
{'userid': 'jimmyadda', 'email': 'addajimmy@gmail.com', 'name': 'Defaccount'}Has Logged in
Exception on /category/טיפוח [GET]
Traceback (most recent call last):
  File "C:\Users\ajimmy\AppData\Local\Programs\Python\Python37\lib\site-packages\flask\app.py", line 2529, in wsgi_app
    response = self.full_dispatch_request()
  File "C:\Users\ajimmy\AppData\Local\Programs\Python\Python37\lib\site-packages\flask\app.py", line 1825, in full_dispatch_request
    rv = self.handle_user_exception(e)
  File "C:\Users\ajimmy\AppData\Local\Programs\Python\Python37\lib\site-packages\flask\app.py", line 1823, in full_dispatch_request
    rv = self.dispatch_request()
  File "C:\Users\ajimmy\AppData\Local\Programs\Python\Python37\lib\site-packages\flask\app.py", line 1799, in dispatch_request
    return self.ensure_sync(self.view_functions[rule.endpoint])(**view_args)
  File "C:\Users\ajimmy\Python\MaLiknot\app.py", line 134, in category_name
    cat_items = database_read("select p.id,p.name,cat.name as catName from products p left JOIN categories  cat on category_id = cat.id where cat.name = '{category_name}'")
  File "C:\Users\ajimmy\Python\MaLiknot\HandelDB.py", line 34, in database_read
    db.execute(sql)
sqlite3.OperationalError: near "cat": syntax error
{'userid': 'jimmyadda', 'email': 'addajimmy@gmail.com', 'name': 'Defaccount'}Has Logged in
Exception on /category/טיפוח [GET]
Traceback (most recent call last):
  File "C:\Users\ajimmy\AppData\Local\Programs\Python\Python37\lib\site-packages\flask\app.py", line 2529, in wsgi_app
    response = self.full_dispatch_request()
  File "C:\Users\ajimmy\AppData\Local\Programs\Python\Python37\lib\site-packages\flask\app.py", line 1825, in full_dispatch_request
    rv = self.handle_user_exception(e)
  File "C:\Users\ajimmy\AppData\Local\Programs\Python\Python37\lib\site-packages\flask\app.py", line 1823, in full_dispatch_request
    rv = self.dispatch_request()
  File "C:\Users\ajimmy\AppData\Local\Programs\Python\Python37\lib\site-packages\flask\app.py", line 1799, in dispatch_request
    return self.ensure_sync(self.view_functions[rule.endpoint])(**view_args)
  File "C:\Users\ajimmy\Python\MaLiknot\app.py", line 137, in category_name
    return render_template('category.html', cat=category_name,cat_items=cat_items)
  File "C:\Users\ajimmy\AppData\Local\Programs\Python\Python37\lib\site-packages\flask\templating.py", line 147, in render_template
    return _render(app, template, context)
  File "C:\Users\ajimmy\AppData\Local\Programs\Python\Python37\lib\site-packages\flask\templating.py", line 130, in _render
    rv = template.render(context)
  File "C:\Users\ajimmy\AppData\Local\Programs\Python\Python37\lib\site-packages\jinja2\environment.py", line 1304, in render
    self.environment.handle_exception()
  File "C:\Users\ajimmy\AppData\Local\Programs\Python\Python37\lib\site-packages\jinja2\environment.py", line 925, in handle_exception
    raise rewrite_traceback_stack(source=source)
  File "C:\Users\ajimmy\Python\MaLiknot\templates\category.html", line 1, in top-level template code
    {% extends 'base.html' %}
  File "C:\Users\ajimmy\Python\MaLiknot\templates\base.html", line 18, in top-level template code
    {% include 'navbar.html' %}
  File "C:\Users\ajimmy\Python\MaLiknot\templates\navbar.html", line 9, in top-level template code
    {%if user.is_authenticated%}
  File "C:\Users\ajimmy\AppData\Local\Programs\Python\Python37\lib\site-packages\jinja2\environment.py", line 474, in getattr
    return getattr(obj, attribute)
jinja2.exceptions.UndefinedError: 'user' is undefined
{'userid': 'jimmyadda', 'email': 'addajimmy@gmail.com', 'name': 'Defaccount'}Has Logged in
Exception on /category/יבשים [GET]
Traceback (most recent call last):
  File "C:\Users\ajimmy\AppData\Local\Programs\Python\Python37\lib\site-packages\flask\app.py", line 2529, in wsgi_app
    response = self.full_dispatch_request()
  File "C:\Users\ajimmy\AppData\Local\Programs\Python\Python37\lib\site-packages\flask\app.py", line 1825, in full_dispatch_request
    rv = self.handle_user_exception(e)
  File "C:\Users\ajimmy\AppData\Local\Programs\Python\Python37\lib\site-packages\flask\app.py", line 1823, in full_dispatch_request
    rv = self.dispatch_request()
  File "C:\Users\ajimmy\AppData\Local\Programs\Python\Python37\lib\site-packages\flask\app.py", line 1799, in dispatch_request
    return self.ensure_sync(self.view_functions[rule.endpoint])(**view_args)
  File "C:\Users\ajimmy\Python\MaLiknot\app.py", line 137, in category_name
    return render_template('category.html', cat=category_name,cat_items=cat_items)
  File "C:\Users\ajimmy\AppData\Local\Programs\Python\Python37\lib\site-packages\flask\templating.py", line 147, in render_template
    return _render(app, template, context)
  File "C:\Users\ajimmy\AppData\Local\Programs\Python\Python37\lib\site-packages\flask\templating.py", line 130, in _render
    rv = template.render(context)
  File "C:\Users\ajimmy\AppData\Local\Programs\Python\Python37\lib\site-packages\jinja2\environment.py", line 1304, in render
    self.environment.handle_exception()
  File "C:\Users\ajimmy\AppData\Local\Programs\Python\Python37\lib\site-packages\jinja2\environment.py", line 925, in handle_exception
    raise rewrite_traceback_stack(source=source)
  File "C:\Users\ajimmy\Python\MaLiknot\templates\category.html", line 1, in top-level template code
    {% extends 'base.html' %}
  File "C:\Users\ajimmy\Python\MaLiknot\templates\base.html", line 18, in top-level template code
    {% include 'navbar.html' %}
  File "C:\Users\ajimmy\Python\MaLiknot\templates\navbar.html", line 9, in top-level template code
    {%if user.is_authenticated%}
  File "C:\Users\ajimmy\AppData\Local\Programs\Python\Python37\lib\site-packages\jinja2\environment.py", line 474, in getattr
    return getattr(obj, attribute)
jinja2.exceptions.UndefinedError: 'user' is undefined
Exception on /category/יבשים [GET]
Traceback (most recent call last):
  File "C:\Users\ajimmy\AppData\Local\Programs\Python\Python37\lib\site-packages\flask\app.py", line 2529, in wsgi_app
    response = self.full_dispatch_request()
  File "C:\Users\ajimmy\AppData\Local\Programs\Python\Python37\lib\site-packages\flask\app.py", line 1825, in full_dispatch_request
    rv = self.handle_user_exception(e)
  File "C:\Users\ajimmy\AppData\Local\Programs\Python\Python37\lib\site-packages\flask\app.py", line 1823, in full_dispatch_request
    rv = self.dispatch_request()
  File "C:\Users\ajimmy\AppData\Local\Programs\Python\Python37\lib\site-packages\flask\app.py", line 1799, in dispatch_request
    return self.ensure_sync(self.view_functions[rule.endpoint])(**view_args)
  File "C:\Users\ajimmy\Python\MaLiknot\app.py", line 137, in category_name
    return render_template('category.html', cat=category_name,cat_items=cat_items)
  File "C:\Users\ajimmy\AppData\Local\Programs\Python\Python37\lib\site-packages\flask\templating.py", line 147, in render_template
    return _render(app, template, context)
  File "C:\Users\ajimmy\AppData\Local\Programs\Python\Python37\lib\site-packages\flask\templating.py", line 130, in _render
    rv = template.render(context)
  File "C:\Users\ajimmy\AppData\Local\Programs\Python\Python37\lib\site-packages\jinja2\environment.py", line 1304, in render
    self.environment.handle_exception()
  File "C:\Users\ajimmy\AppData\Local\Programs\Python\Python37\lib\site-packages\jinja2\environment.py", line 925, in handle_exception
    raise rewrite_traceback_stack(source=source)
  File "C:\Users\ajimmy\Python\MaLiknot\templates\category.html", line 1, in top-level template code
    {% extends 'base.html' %}
  File "C:\Users\ajimmy\Python\MaLiknot\templates\base.html", line 18, in top-level template code
    {% include 'navbar.html' %}
  File "C:\Users\ajimmy\Python\MaLiknot\templates\navbar.html", line 9, in top-level template code
    {%if user.is_authenticated%}
  File "C:\Users\ajimmy\AppData\Local\Programs\Python\Python37\lib\site-packages\jinja2\environment.py", line 474, in getattr
    return getattr(obj, attribute)
jinja2.exceptions.UndefinedError: 'user' is undefined
{'userid': 'jimmyadda', 'email': 'addajimmy@gmail.com', 'name': 'Defaccount'}Has Logged in
Exception on /category/שימורים [GET]
Traceback (most recent call last):
  File "C:\Users\ajimmy\AppData\Local\Programs\Python\Python37\lib\site-packages\flask\app.py", line 2529, in wsgi_app
    response = self.full_dispatch_request()
  File "C:\Users\ajimmy\AppData\Local\Programs\Python\Python37\lib\site-packages\flask\app.py", line 1825, in full_dispatch_request
    rv = self.handle_user_exception(e)
  File "C:\Users\ajimmy\AppData\Local\Programs\Python\Python37\lib\site-packages\flask\app.py", line 1823, in full_dispatch_request
    rv = self.dispatch_request()
  File "C:\Users\ajimmy\AppData\Local\Programs\Python\Python37\lib\site-packages\flask\app.py", line 1799, in dispatch_request
    return self.ensure_sync(self.view_functions[rule.endpoint])(**view_args)
  File "C:\Users\ajimmy\Python\MaLiknot\app.py", line 137, in category_name
    return render_template('category.html', cat=category_name,cat_items=cat_items)
  File "C:\Users\ajimmy\AppData\Local\Programs\Python\Python37\lib\site-packages\flask\templating.py", line 147, in render_template
    return _render(app, template, context)
  File "C:\Users\ajimmy\AppData\Local\Programs\Python\Python37\lib\site-packages\flask\templating.py", line 130, in _render
    rv = template.render(context)
  File "C:\Users\ajimmy\AppData\Local\Programs\Python\Python37\lib\site-packages\jinja2\environment.py", line 1304, in render
    self.environment.handle_exception()
  File "C:\Users\ajimmy\AppData\Local\Programs\Python\Python37\lib\site-packages\jinja2\environment.py", line 925, in handle_exception
    raise rewrite_traceback_stack(source=source)
  File "C:\Users\ajimmy\Python\MaLiknot\templates\category.html", line 1, in top-level template code
    {% extends 'base.html' %}
  File "C:\Users\ajimmy\Python\MaLiknot\templates\base.html", line 18, in top-level template code
    {% include 'navbar.html' %}
  File "C:\Users\ajimmy\Python\MaLiknot\templates\navbar.html", line 9, in top-level template code
    {%if user.is_authenticated%}
  File "C:\Users\ajimmy\AppData\Local\Programs\Python\Python37\lib\site-packages\jinja2\environment.py", line 474, in getattr
    return getattr(obj, attribute)
jinja2.exceptions.UndefinedError: 'user' is undefined
{'userid': 'jimmyadda', 'email': 'addajimmy@gmail.com', 'name': 'Defaccount'}Has Logged in
Exception on /category/ירקות ופירות [GET]
Traceback (most recent call last):
  File "C:\Users\ajimmy\AppData\Local\Programs\Python\Python37\lib\site-packages\flask\app.py", line 2529, in wsgi_app
    response = self.full_dispatch_request()
  File "C:\Users\ajimmy\AppData\Local\Programs\Python\Python37\lib\site-packages\flask\app.py", line 1825, in full_dispatch_request
    rv = self.handle_user_exception(e)
  File "C:\Users\ajimmy\AppData\Local\Programs\Python\Python37\lib\site-packages\flask\app.py", line 1823, in full_dispatch_request
    rv = self.dispatch_request()
  File "C:\Users\ajimmy\AppData\Local\Programs\Python\Python37\lib\site-packages\flask\app.py", line 1799, in dispatch_request
    return self.ensure_sync(self.view_functions[rule.endpoint])(**view_args)
  File "C:\Users\ajimmy\Python\MaLiknot\app.py", line 137, in category_name
    return render_template('category.html', cat=category_name,cat_items=cat_items)
  File "C:\Users\ajimmy\AppData\Local\Programs\Python\Python37\lib\site-packages\flask\templating.py", line 147, in render_template
    return _render(app, template, context)
  File "C:\Users\ajimmy\AppData\Local\Programs\Python\Python37\lib\site-packages\flask\templating.py", line 130, in _render
    rv = template.render(context)
  File "C:\Users\ajimmy\AppData\Local\Programs\Python\Python37\lib\site-packages\jinja2\environment.py", line 1304, in render
    self.environment.handle_exception()
  File "C:\Users\ajimmy\AppData\Local\Programs\Python\Python37\lib\site-packages\jinja2\environment.py", line 925, in handle_exception
    raise rewrite_traceback_stack(source=source)
  File "C:\Users\ajimmy\Python\MaLiknot\templates\category.html", line 1, in top-level template code
    {% extends 'base.html' %}
  File "C:\Users\ajimmy\Python\MaLiknot\templates\base.html", line 18, in top-level template code
    {% include 'navbar.html' %}
  File "C:\Users\ajimmy\Python\MaLiknot\templates\navbar.html", line 9, in top-level template code
    {%if user.is_authenticated%}
  File "C:\Users\ajimmy\AppData\Local\Programs\Python\Python37\lib\site-packages\jinja2\environment.py", line 474, in getattr
    return getattr(obj, attribute)
jinja2.exceptions.UndefinedError: 'user' is undefined
{'userid': 'jimmyadda', 'email': 'addajimmy@gmail.com', 'name': 'Defaccount'}Has Logged in
Exception on /category/טיפוח [GET]
Traceback (most recent call last):
  File "C:\Users\ajimmy\AppData\Local\Programs\Python\Python37\lib\site-packages\flask\app.py", line 2529, in wsgi_app
    response = self.full_dispatch_request()
  File "C:\Users\ajimmy\AppData\Local\Programs\Python\Python37\lib\site-packages\flask\app.py", line 1825, in full_dispatch_request
    rv = self.handle_user_exception(e)
  File "C:\Users\ajimmy\AppData\Local\Programs\Python\Python37\lib\site-packages\flask\app.py", line 1823, in full_dispatch_request
    rv = self.dispatch_request()
  File "C:\Users\ajimmy\AppData\Local\Programs\Python\Python37\lib\site-packages\flask\app.py", line 1799, in dispatch_request
    return self.ensure_sync(self.view_functions[rule.endpoint])(**view_args)
  File "C:\Users\ajimmy\Python\MaLiknot\app.py", line 140, in category_name
    return render_template('category.html', cat=category_name,cat_items=cat_items)
  File "C:\Users\ajimmy\AppData\Local\Programs\Python\Python37\lib\site-packages\flask\templating.py", line 147, in render_template
    return _render(app, template, context)
  File "C:\Users\ajimmy\AppData\Local\Programs\Python\Python37\lib\site-packages\flask\templating.py", line 130, in _render
    rv = template.render(context)
  File "C:\Users\ajimmy\AppData\Local\Programs\Python\Python37\lib\site-packages\jinja2\environment.py", line 1304, in render
    self.environment.handle_exception()
  File "C:\Users\ajimmy\AppData\Local\Programs\Python\Python37\lib\site-packages\jinja2\environment.py", line 925, in handle_exception
    raise rewrite_traceback_stack(source=source)
  File "C:\Users\ajimmy\Python\MaLiknot\templates\category.html", line 1, in top-level template code
    {% extends 'base.html' %}
  File "C:\Users\ajimmy\Python\MaLiknot\templates\base.html", line 18, in top-level template code
    {% include 'navbar.html' %}
  File "C:\Users\ajimmy\Python\MaLiknot\templates\navbar.html", line 9, in top-level template code
    {%if user.is_authenticated%}
  File "C:\Users\ajimmy\AppData\Local\Programs\Python\Python37\lib\site-packages\jinja2\environment.py", line 474, in getattr
    return getattr(obj, attribute)
jinja2.exceptions.UndefinedError: 'user' is undefined
{'userid': 'jimmyadda', 'email': 'addajimmy@gmail.com', 'name': 'Defaccount'}Has Logged in
{'userid': 'jimmyadda', 'email': 'addajimmy@gmail.com', 'name': 'Defaccount'}Has Logged in
{'userid': 'jimmyadda', 'email': 'addajimmy@gmail.com', 'name': 'Defaccount'}Has Logged in
{'userid': 'jimmyadda', 'email': 'addajimmy@gmail.com', 'name': 'Defaccount'}Has Logged in
{'userid': 'jimmyadda', 'email': 'addajimmy@gmail.com', 'name': 'Defaccount'}Has Logged in
{'userid': 'jimmyadda', 'email': 'addajimmy@gmail.com', 'name': 'Defaccount'}Has Logged in
{'userid': 'jimmyadda', 'email': 'addajimmy@gmail.com', 'name': 'Defaccount'}Has Logged in
{'userid': 'jimmyadda', 'email': 'addajimmy@gmail.com', 'name': 'Defaccount'}Has Logged in
{'userid': 'jimmyadda', 'email': 'addajimmy@gmail.com', 'name': 'Defaccount'}Has Logged in
{'userid': 'jimmyadda', 'email': 'addajimmy@gmail.com', 'name': 'Defaccount'}Has Logged in
{'userid': 'jimmyadda', 'email': 'addajimmy@gmail.com', 'name': 'Defaccount'}Has Logged in
{'userid': 'jimmyadda', 'email': 'addajimmy@gmail.com', 'name': 'Defaccount'}Has Logged in
{'userid': 'jimmyadda', 'email': 'addajimmy@gmail.com', 'name': 'Defaccount'}Has Logged in
{'userid': 'jimmyadda', 'email': 'addajimmy@gmail.com', 'name': 'Defaccount'}Has Logged in
Exception on / [GET]
Traceback (most recent call last):
  File "C:\Users\ajimmy\AppData\Local\Programs\Python\Python37\lib\site-packages\flask\app.py", line 2529, in wsgi_app
    response = self.full_dispatch_request()
  File "C:\Users\ajimmy\AppData\Local\Programs\Python\Python37\lib\site-packages\flask\app.py", line 1825, in full_dispatch_request
    rv = self.handle_user_exception(e)
  File "C:\Users\ajimmy\AppData\Local\Programs\Python\Python37\lib\site-packages\flask\app.py", line 1823, in full_dispatch_request
    rv = self.dispatch_request()
  File "C:\Users\ajimmy\AppData\Local\Programs\Python\Python37\lib\site-packages\flask\app.py", line 1799, in dispatch_request
    return self.ensure_sync(self.view_functions[rule.endpoint])(**view_args)
  File "C:\Users\ajimmy\Python\MaLiknot\app.py", line 123, in index
    return render_template('index.html',user=flask_login.current_user, all_items=data,categories=categories)
  File "C:\Users\ajimmy\AppData\Local\Programs\Python\Python37\lib\site-packages\flask\templating.py", line 147, in render_template
    return _render(app, template, context)
  File "C:\Users\ajimmy\AppData\Local\Programs\Python\Python37\lib\site-packages\flask\templating.py", line 130, in _render
    rv = template.render(context)
  File "C:\Users\ajimmy\AppData\Local\Programs\Python\Python37\lib\site-packages\jinja2\environment.py", line 1304, in render
    self.environment.handle_exception()
  File "C:\Users\ajimmy\AppData\Local\Programs\Python\Python37\lib\site-packages\jinja2\environment.py", line 925, in handle_exception
    raise rewrite_traceback_stack(source=source)
  File "C:\Users\ajimmy\Python\MaLiknot\templates\index.html", line 57, in top-level template code
    {% for item in all_items%}
  File "C:\Users\ajimmy\Python\MaLiknot\templates\base.html", line 31, in top-level template code
    {% block content %}
  File "C:\Users\ajimmy\Python\MaLiknot\templates\index.html", line 35, in block 'content'
    <div class="text-center"><a class="btn btn-outline-dark mt-auto" href="{{ url_for('product_id', product= product['id']) }}">View Product</a></div>
  File "C:\Users\ajimmy\AppData\Local\Programs\Python\Python37\lib\site-packages\flask\app.py", line 2034, in url_for
    return self.handle_url_build_error(error, endpoint, values)
  File "C:\Users\ajimmy\AppData\Local\Programs\Python\Python37\lib\site-packages\flask\app.py", line 2028, in url_for
    force_external=_external,
  File "C:\Users\ajimmy\AppData\Local\Programs\Python\Python37\lib\site-packages\werkzeug\routing\map.py", line 917, in build
    raise BuildError(endpoint, values, method, self)
werkzeug.routing.exceptions.BuildError: Could not build url for endpoint 'product_id' with values ['product']. Did you forget to specify values ['product_id']?
{'userid': 'jimmyadda', 'email': 'addajimmy@gmail.com', 'name': 'Defaccount'}Has Logged in
Exception on /product/2 [GET]
Traceback (most recent call last):
  File "C:\Users\ajimmy\AppData\Local\Programs\Python\Python37\lib\site-packages\flask\app.py", line 2529, in wsgi_app
    response = self.full_dispatch_request()
  File "C:\Users\ajimmy\AppData\Local\Programs\Python\Python37\lib\site-packages\flask\app.py", line 1825, in full_dispatch_request
    rv = self.handle_user_exception(e)
  File "C:\Users\ajimmy\AppData\Local\Programs\Python\Python37\lib\site-packages\flask\app.py", line 1823, in full_dispatch_request
    rv = self.dispatch_request()
  File "C:\Users\ajimmy\AppData\Local\Programs\Python\Python37\lib\site-packages\flask\app.py", line 1799, in dispatch_request
    return self.ensure_sync(self.view_functions[rule.endpoint])(**view_args)
  File "C:\Users\ajimmy\Python\MaLiknot\app.py", line 150, in product_id
    return render_template('product.html',product=product)
  File "C:\Users\ajimmy\AppData\Local\Programs\Python\Python37\lib\site-packages\flask\templating.py", line 146, in render_template
    template = app.jinja_env.get_or_select_template(template_name_or_list)
  File "C:\Users\ajimmy\AppData\Local\Programs\Python\Python37\lib\site-packages\jinja2\environment.py", line 1068, in get_or_select_template
    return self.get_template(template_name_or_list, parent, globals)
  File "C:\Users\ajimmy\AppData\Local\Programs\Python\Python37\lib\site-packages\jinja2\environment.py", line 997, in get_template
    return self._load_template(name, globals)
  File "C:\Users\ajimmy\AppData\Local\Programs\Python\Python37\lib\site-packages\jinja2\environment.py", line 958, in _load_template
    template = self.loader.load(self, name, self.make_globals(globals))
  File "C:\Users\ajimmy\AppData\Local\Programs\Python\Python37\lib\site-packages\jinja2\loaders.py", line 137, in load
    code = environment.compile(source, name, filename)
  File "C:\Users\ajimmy\AppData\Local\Programs\Python\Python37\lib\site-packages\jinja2\environment.py", line 757, in compile
    self.handle_exception(source=source_hint)
  File "C:\Users\ajimmy\AppData\Local\Programs\Python\Python37\lib\site-packages\jinja2\environment.py", line 925, in handle_exception
    raise rewrite_traceback_stack(source=source)
  File "C:\Users\ajimmy\Python\MaLiknot\templates\product.html", line 17, in template
    {% endif %}
jinja2.exceptions.TemplateSyntaxError: Encountered unknown tag 'endif'. Jinja was looking for the following tags: 'endblock'. The innermost block that needs to be closed is 'block'.
{'userid': 'jimmyadda', 'email': 'addajimmy@gmail.com', 'name': 'Defaccount'}Has Logged in
Exception on /product/6 [GET]
Traceback (most recent call last):
  File "C:\Users\ajimmy\AppData\Local\Programs\Python\Python37\lib\site-packages\flask\app.py", line 2529, in wsgi_app
    response = self.full_dispatch_request()
  File "C:\Users\ajimmy\AppData\Local\Programs\Python\Python37\lib\site-packages\flask\app.py", line 1825, in full_dispatch_request
    rv = self.handle_user_exception(e)
  File "C:\Users\ajimmy\AppData\Local\Programs\Python\Python37\lib\site-packages\flask\app.py", line 1823, in full_dispatch_request
    rv = self.dispatch_request()
  File "C:\Users\ajimmy\AppData\Local\Programs\Python\Python37\lib\site-packages\flask\app.py", line 1799, in dispatch_request
    return self.ensure_sync(self.view_functions[rule.endpoint])(**view_args)
  File "C:\Users\ajimmy\Python\MaLiknot\app.py", line 150, in product_id
    return render_template('product.html',product=product)
  File "C:\Users\ajimmy\AppData\Local\Programs\Python\Python37\lib\site-packages\flask\templating.py", line 147, in render_template
    return _render(app, template, context)
  File "C:\Users\ajimmy\AppData\Local\Programs\Python\Python37\lib\site-packages\flask\templating.py", line 130, in _render
    rv = template.render(context)
  File "C:\Users\ajimmy\AppData\Local\Programs\Python\Python37\lib\site-packages\jinja2\environment.py", line 1304, in render
    self.environment.handle_exception()
  File "C:\Users\ajimmy\AppData\Local\Programs\Python\Python37\lib\site-packages\jinja2\environment.py", line 925, in handle_exception
    raise rewrite_traceback_stack(source=source)
  File "C:\Users\ajimmy\Python\MaLiknot\templates\product.html", line 1, in top-level template code
    {% extends 'base.html' %}
  File "C:\Users\ajimmy\Python\MaLiknot\templates\base.html", line 31, in top-level template code
    {% block content %}
  File "C:\Users\ajimmy\Python\MaLiknot\templates\product.html", line 8, in block 'content'
    <img src="{{product.image.url}}" class="img-fluid rounded-start" alt="...">
  File "C:\Users\ajimmy\AppData\Local\Programs\Python\Python37\lib\site-packages\jinja2\environment.py", line 474, in getattr
    return getattr(obj, attribute)
jinja2.exceptions.UndefinedError: 'list object' has no attribute 'image'
Exception on /product/6 [GET]
Traceback (most recent call last):
  File "C:\Users\ajimmy\AppData\Local\Programs\Python\Python37\lib\site-packages\flask\app.py", line 2529, in wsgi_app
    response = self.full_dispatch_request()
  File "C:\Users\ajimmy\AppData\Local\Programs\Python\Python37\lib\site-packages\flask\app.py", line 1825, in full_dispatch_request
    rv = self.handle_user_exception(e)
  File "C:\Users\ajimmy\AppData\Local\Programs\Python\Python37\lib\site-packages\flask\app.py", line 1823, in full_dispatch_request
    rv = self.dispatch_request()
  File "C:\Users\ajimmy\AppData\Local\Programs\Python\Python37\lib\site-packages\flask\app.py", line 1799, in dispatch_request
    return self.ensure_sync(self.view_functions[rule.endpoint])(**view_args)
  File "C:\Users\ajimmy\Python\MaLiknot\app.py", line 150, in product_id
    return render_template('product.html',product=product)
  File "C:\Users\ajimmy\AppData\Local\Programs\Python\Python37\lib\site-packages\flask\templating.py", line 147, in render_template
    return _render(app, template, context)
  File "C:\Users\ajimmy\AppData\Local\Programs\Python\Python37\lib\site-packages\flask\templating.py", line 130, in _render
    rv = template.render(context)
  File "C:\Users\ajimmy\AppData\Local\Programs\Python\Python37\lib\site-packages\jinja2\environment.py", line 1304, in render
    self.environment.handle_exception()
  File "C:\Users\ajimmy\AppData\Local\Programs\Python\Python37\lib\site-packages\jinja2\environment.py", line 925, in handle_exception
    raise rewrite_traceback_stack(source=source)
  File "C:\Users\ajimmy\Python\MaLiknot\templates\product.html", line 1, in top-level template code
    {% extends 'base.html' %}
  File "C:\Users\ajimmy\Python\MaLiknot\templates\base.html", line 31, in top-level template code
    {% block content %}
  File "C:\Users\ajimmy\Python\MaLiknot\templates\product.html", line 8, in block 'content'
    <!-- <img src="{{product.image.url}}" class="img-fluid rounded-start" alt="..."> -->
  File "C:\Users\ajimmy\AppData\Local\Programs\Python\Python37\lib\site-packages\jinja2\environment.py", line 474, in getattr
    return getattr(obj, attribute)
jinja2.exceptions.UndefinedError: 'list object' has no attribute 'image'
{'userid': 'jimmyadda', 'email': 'addajimmy@gmail.com', 'name': 'Defaccount'}Has Logged in
Exception on /product/2 [GET]
Traceback (most recent call last):
  File "C:\Users\ajimmy\AppData\Local\Programs\Python\Python37\lib\site-packages\flask\app.py", line 2529, in wsgi_app
    response = self.full_dispatch_request()
  File "C:\Users\ajimmy\AppData\Local\Programs\Python\Python37\lib\site-packages\flask\app.py", line 1825, in full_dispatch_request
    rv = self.handle_user_exception(e)
  File "C:\Users\ajimmy\AppData\Local\Programs\Python\Python37\lib\site-packages\flask\app.py", line 1823, in full_dispatch_request
    rv = self.dispatch_request()
  File "C:\Users\ajimmy\AppData\Local\Programs\Python\Python37\lib\site-packages\flask\app.py", line 1799, in dispatch_request
    return self.ensure_sync(self.view_functions[rule.endpoint])(**view_args)
  File "C:\Users\ajimmy\Python\MaLiknot\app.py", line 150, in product_id
    return render_template('product.html',product=product)
  File "C:\Users\ajimmy\AppData\Local\Programs\Python\Python37\lib\site-packages\flask\templating.py", line 147, in render_template
    return _render(app, template, context)
  File "C:\Users\ajimmy\AppData\Local\Programs\Python\Python37\lib\site-packages\flask\templating.py", line 130, in _render
    rv = template.render(context)
  File "C:\Users\ajimmy\AppData\Local\Programs\Python\Python37\lib\site-packages\jinja2\environment.py", line 1304, in render
    self.environment.handle_exception()
  File "C:\Users\ajimmy\AppData\Local\Programs\Python\Python37\lib\site-packages\jinja2\environment.py", line 925, in handle_exception
    raise rewrite_traceback_stack(source=source)
  File "C:\Users\ajimmy\Python\MaLiknot\templates\product.html", line 1, in top-level template code
    {% extends 'base.html' %}
  File "C:\Users\ajimmy\Python\MaLiknot\templates\base.html", line 31, in top-level template code
    {% block content %}
  File "C:\Users\ajimmy\Python\MaLiknot\templates\product.html", line 8, in block 'content'
    <!-- <img src="{{product.image.url}}" class="img-fluid rounded-start" alt="..."> -->
  File "C:\Users\ajimmy\AppData\Local\Programs\Python\Python37\lib\site-packages\jinja2\environment.py", line 474, in getattr
    return getattr(obj, attribute)
jinja2.exceptions.UndefinedError: 'list object' has no attribute 'image'
Exception on /product/2 [GET]
Traceback (most recent call last):
  File "C:\Users\ajimmy\AppData\Local\Programs\Python\Python37\lib\site-packages\flask\app.py", line 2529, in wsgi_app
    response = self.full_dispatch_request()
  File "C:\Users\ajimmy\AppData\Local\Programs\Python\Python37\lib\site-packages\flask\app.py", line 1825, in full_dispatch_request
    rv = self.handle_user_exception(e)
  File "C:\Users\ajimmy\AppData\Local\Programs\Python\Python37\lib\site-packages\flask\app.py", line 1823, in full_dispatch_request
    rv = self.dispatch_request()
  File "C:\Users\ajimmy\AppData\Local\Programs\Python\Python37\lib\site-packages\flask\app.py", line 1799, in dispatch_request
    return self.ensure_sync(self.view_functions[rule.endpoint])(**view_args)
  File "C:\Users\ajimmy\Python\MaLiknot\app.py", line 150, in product_id
    return render_template('product.html',product=product)
  File "C:\Users\ajimmy\AppData\Local\Programs\Python\Python37\lib\site-packages\flask\templating.py", line 147, in render_template
    return _render(app, template, context)
  File "C:\Users\ajimmy\AppData\Local\Programs\Python\Python37\lib\site-packages\flask\templating.py", line 130, in _render
    rv = template.render(context)
  File "C:\Users\ajimmy\AppData\Local\Programs\Python\Python37\lib\site-packages\jinja2\environment.py", line 1304, in render
    self.environment.handle_exception()
  File "C:\Users\ajimmy\AppData\Local\Programs\Python\Python37\lib\site-packages\jinja2\environment.py", line 925, in handle_exception
    raise rewrite_traceback_stack(source=source)
  File "C:\Users\ajimmy\Python\MaLiknot\templates\product.html", line 1, in top-level template code
    {% extends 'base.html' %}
  File "C:\Users\ajimmy\Python\MaLiknot\templates\base.html", line 31, in top-level template code
    {% block content %}
  File "C:\Users\ajimmy\Python\MaLiknot\templates\product.html", line 8, in block 'content'
  File "C:\Users\ajimmy\AppData\Local\Programs\Python\Python37\lib\site-packages\jinja2\environment.py", line 474, in getattr
    return getattr(obj, attribute)
jinja2.exceptions.UndefinedError: 'list object' has no attribute 'image'
{'userid': 'jimmyadda', 'email': 'addajimmy@gmail.com', 'name': 'Defaccount'}Has Logged in
{'userid': 'jimmyadda', 'email': 'addajimmy@gmail.com', 'name': 'Defaccount'}Has Logged in
{'userid': 'jimmyadda', 'email': 'addajimmy@gmail.com', 'name': 'Defaccount'}Has Logged in
{'userid': 'jimmyadda', 'email': 'addajimmy@gmail.com', 'name': 'Defaccount'}Has Logged in
{'userid': 'jimmyadda', 'email': 'addajimmy@gmail.com', 'name': 'Defaccount'}Has Logged in
Exception on /product/3 [GET]
Traceback (most recent call last):
  File "C:\Users\ajimmy\AppData\Local\Programs\Python\Python37\lib\site-packages\flask\app.py", line 2529, in wsgi_app
    response = self.full_dispatch_request()
  File "C:\Users\ajimmy\AppData\Local\Programs\Python\Python37\lib\site-packages\flask\app.py", line 1826, in full_dispatch_request
    return self.finalize_request(rv)
  File "C:\Users\ajimmy\AppData\Local\Programs\Python\Python37\lib\site-packages\flask\app.py", line 1845, in finalize_request
    response = self.make_response(rv)
  File "C:\Users\ajimmy\AppData\Local\Programs\Python\Python37\lib\site-packages\flask\app.py", line 2139, in make_response
    f"The view function for {request.endpoint!r} did not"
TypeError: The view function for 'product_id' did not return a valid response. The function either returned None or ended without a return statement.
{'userid': 'jimmyadda', 'email': 'addajimmy@gmail.com', 'name': 'Defaccount'}Has Logged in
{'userid': 'jimmyadda', 'email': 'addajimmy@gmail.com', 'name': 'Defaccount'}Has Logged in
Exception on /product/2 [GET]
Traceback (most recent call last):
  File "C:\Users\ajimmy\AppData\Local\Programs\Python\Python37\lib\site-packages\flask\app.py", line 2529, in wsgi_app
    response = self.full_dispatch_request()
  File "C:\Users\ajimmy\AppData\Local\Programs\Python\Python37\lib\site-packages\flask\app.py", line 1826, in full_dispatch_request
    return self.finalize_request(rv)
  File "C:\Users\ajimmy\AppData\Local\Programs\Python\Python37\lib\site-packages\flask\app.py", line 1845, in finalize_request
    response = self.make_response(rv)
  File "C:\Users\ajimmy\AppData\Local\Programs\Python\Python37\lib\site-packages\flask\app.py", line 2139, in make_response
    f"The view function for {request.endpoint!r} did not"
TypeError: The view function for 'product' did not return a valid response. The function either returned None or ended without a return statement.
Exception on /product/2 [GET]
Traceback (most recent call last):
  File "C:\Users\ajimmy\AppData\Local\Programs\Python\Python37\lib\site-packages\flask\app.py", line 2529, in wsgi_app
    response = self.full_dispatch_request()
  File "C:\Users\ajimmy\AppData\Local\Programs\Python\Python37\lib\site-packages\flask\app.py", line 1826, in full_dispatch_request
    return self.finalize_request(rv)
  File "C:\Users\ajimmy\AppData\Local\Programs\Python\Python37\lib\site-packages\flask\app.py", line 1845, in finalize_request
    response = self.make_response(rv)
  File "C:\Users\ajimmy\AppData\Local\Programs\Python\Python37\lib\site-packages\flask\app.py", line 2139, in make_response
    f"The view function for {request.endpoint!r} did not"
TypeError: The view function for 'product' did not return a valid response. The function either returned None or ended without a return statement.
Exception on /product/2 [GET]
Traceback (most recent call last):
  File "C:\Users\ajimmy\AppData\Local\Programs\Python\Python37\lib\site-packages\flask\app.py", line 2529, in wsgi_app
    response = self.full_dispatch_request()
  File "C:\Users\ajimmy\AppData\Local\Programs\Python\Python37\lib\site-packages\flask\app.py", line 1826, in full_dispatch_request
    return self.finalize_request(rv)
  File "C:\Users\ajimmy\AppData\Local\Programs\Python\Python37\lib\site-packages\flask\app.py", line 1845, in finalize_request
    response = self.make_response(rv)
  File "C:\Users\ajimmy\AppData\Local\Programs\Python\Python37\lib\site-packages\flask\app.py", line 2139, in make_response
    f"The view function for {request.endpoint!r} did not"
TypeError: The view function for 'product_disp' did not return a valid response. The function either returned None or ended without a return statement.
Exception on /product/2/edit [POST]
Traceback (most recent call last):
  File "C:\Users\ajimmy\AppData\Local\Programs\Python\Python37\lib\site-packages\flask\app.py", line 2529, in wsgi_app
    response = self.full_dispatch_request()
  File "C:\Users\ajimmy\AppData\Local\Programs\Python\Python37\lib\site-packages\flask\app.py", line 1825, in full_dispatch_request
    rv = self.handle_user_exception(e)
  File "C:\Users\ajimmy\AppData\Local\Programs\Python\Python37\lib\site-packages\flask\app.py", line 1823, in full_dispatch_request
    rv = self.dispatch_request()
  File "C:\Users\ajimmy\AppData\Local\Programs\Python\Python37\lib\site-packages\flask\app.py", line 1799, in dispatch_request
    return self.ensure_sync(self.view_functions[rule.endpoint])(**view_args)
  File "C:\Users\ajimmy\Python\MaLiknot\app.py", line 162, in edit_product
    return render_template('product_disp.html', product_id=request.form['id'])
  File "C:\Users\ajimmy\AppData\Local\Programs\Python\Python37\lib\site-packages\flask\templating.py", line 146, in render_template
    template = app.jinja_env.get_or_select_template(template_name_or_list)
  File "C:\Users\ajimmy\AppData\Local\Programs\Python\Python37\lib\site-packages\jinja2\environment.py", line 1068, in get_or_select_template
    return self.get_template(template_name_or_list, parent, globals)
  File "C:\Users\ajimmy\AppData\Local\Programs\Python\Python37\lib\site-packages\jinja2\environment.py", line 997, in get_template
    return self._load_template(name, globals)
  File "C:\Users\ajimmy\AppData\Local\Programs\Python\Python37\lib\site-packages\jinja2\environment.py", line 958, in _load_template
    template = self.loader.load(self, name, self.make_globals(globals))
  File "C:\Users\ajimmy\AppData\Local\Programs\Python\Python37\lib\site-packages\jinja2\loaders.py", line 125, in load
    source, filename, uptodate = self.get_source(environment, name)
  File "C:\Users\ajimmy\AppData\Local\Programs\Python\Python37\lib\site-packages\flask\templating.py", line 62, in get_source
    return self._get_source_fast(environment, template)
  File "C:\Users\ajimmy\AppData\Local\Programs\Python\Python37\lib\site-packages\flask\templating.py", line 98, in _get_source_fast
    raise TemplateNotFound(template)
jinja2.exceptions.TemplateNotFound: product_disp.html
Exception on /product/2/edit [POST]
Traceback (most recent call last):
  File "C:\Users\ajimmy\AppData\Local\Programs\Python\Python37\lib\site-packages\flask\app.py", line 2529, in wsgi_app
    response = self.full_dispatch_request()
  File "C:\Users\ajimmy\AppData\Local\Programs\Python\Python37\lib\site-packages\flask\app.py", line 1825, in full_dispatch_request
    rv = self.handle_user_exception(e)
  File "C:\Users\ajimmy\AppData\Local\Programs\Python\Python37\lib\site-packages\flask\app.py", line 1823, in full_dispatch_request
    rv = self.dispatch_request()
  File "C:\Users\ajimmy\AppData\Local\Programs\Python\Python37\lib\site-packages\flask\app.py", line 1799, in dispatch_request
    return self.ensure_sync(self.view_functions[rule.endpoint])(**view_args)
  File "C:\Users\ajimmy\Python\MaLiknot\app.py", line 162, in edit_product
    return render_template('product.html', product_id=request.form['id'])
  File "C:\Users\ajimmy\AppData\Local\Programs\Python\Python37\lib\site-packages\flask\templating.py", line 146, in render_template
    template = app.jinja_env.get_or_select_template(template_name_or_list)
  File "C:\Users\ajimmy\AppData\Local\Programs\Python\Python37\lib\site-packages\jinja2\environment.py", line 1068, in get_or_select_template
    return self.get_template(template_name_or_list, parent, globals)
  File "C:\Users\ajimmy\AppData\Local\Programs\Python\Python37\lib\site-packages\jinja2\environment.py", line 997, in get_template
    return self._load_template(name, globals)
  File "C:\Users\ajimmy\AppData\Local\Programs\Python\Python37\lib\site-packages\jinja2\environment.py", line 958, in _load_template
    template = self.loader.load(self, name, self.make_globals(globals))
  File "C:\Users\ajimmy\AppData\Local\Programs\Python\Python37\lib\site-packages\jinja2\loaders.py", line 125, in load
    source, filename, uptodate = self.get_source(environment, name)
  File "C:\Users\ajimmy\AppData\Local\Programs\Python\Python37\lib\site-packages\flask\templating.py", line 62, in get_source
    return self._get_source_fast(environment, template)
  File "C:\Users\ajimmy\AppData\Local\Programs\Python\Python37\lib\site-packages\flask\templating.py", line 98, in _get_source_fast
    raise TemplateNotFound(template)
jinja2.exceptions.TemplateNotFound: product_disp.html
{'userid': 'jimmyadda', 'email': 'addajimmy@gmail.com', 'name': 'Defaccount'}Has Logged in
Exception on /product/2/edit [POST]
Traceback (most recent call last):
  File "C:\Users\ajimmy\AppData\Local\Programs\Python\Python37\lib\site-packages\flask\app.py", line 2529, in wsgi_app
    response = self.full_dispatch_request()
  File "C:\Users\ajimmy\AppData\Local\Programs\Python\Python37\lib\site-packages\flask\app.py", line 1825, in full_dispatch_request
    rv = self.handle_user_exception(e)
  File "C:\Users\ajimmy\AppData\Local\Programs\Python\Python37\lib\site-packages\flask\app.py", line 1823, in full_dispatch_request
    rv = self.dispatch_request()
  File "C:\Users\ajimmy\AppData\Local\Programs\Python\Python37\lib\site-packages\flask\app.py", line 1799, in dispatch_request
    return self.ensure_sync(self.view_functions[rule.endpoint])(**view_args)
  File "C:\Users\ajimmy\Python\MaLiknot\app.py", line 162, in edit_product
    return redirect(f"/product",product_id=request.form['id'])
TypeError: redirect() got an unexpected keyword argument 'product_id'
Exception on /product/2/edit [POST]
Traceback (most recent call last):
  File "C:\Users\ajimmy\AppData\Local\Programs\Python\Python37\lib\site-packages\flask\app.py", line 2529, in wsgi_app
    response = self.full_dispatch_request()
  File "C:\Users\ajimmy\AppData\Local\Programs\Python\Python37\lib\site-packages\flask\app.py", line 1825, in full_dispatch_request
    rv = self.handle_user_exception(e)
  File "C:\Users\ajimmy\AppData\Local\Programs\Python\Python37\lib\site-packages\flask\app.py", line 1823, in full_dispatch_request
    rv = self.dispatch_request()
  File "C:\Users\ajimmy\AppData\Local\Programs\Python\Python37\lib\site-packages\flask\app.py", line 1799, in dispatch_request
    return self.ensure_sync(self.view_functions[rule.endpoint])(**view_args)
  File "C:\Users\ajimmy\Python\MaLiknot\app.py", line 163, in edit_product
    return redirect(f"/product",products=product)
TypeError: redirect() got an unexpected keyword argument 'products'
Exception on /product/2/edit [POST]
Traceback (most recent call last):
  File "C:\Users\ajimmy\AppData\Local\Programs\Python\Python37\lib\site-packages\flask\app.py", line 2529, in wsgi_app
    response = self.full_dispatch_request()
  File "C:\Users\ajimmy\AppData\Local\Programs\Python\Python37\lib\site-packages\flask\app.py", line 1825, in full_dispatch_request
    rv = self.handle_user_exception(e)
  File "C:\Users\ajimmy\AppData\Local\Programs\Python\Python37\lib\site-packages\flask\app.py", line 1823, in full_dispatch_request
    rv = self.dispatch_request()
  File "C:\Users\ajimmy\AppData\Local\Programs\Python\Python37\lib\site-packages\flask\app.py", line 1799, in dispatch_request
    return self.ensure_sync(self.view_functions[rule.endpoint])(**view_args)
  File "C:\Users\ajimmy\Python\MaLiknot\app.py", line 163, in edit_product
    return redirect("/product",products=product)
TypeError: redirect() got an unexpected keyword argument 'products'
Exception on /product/2/edit [POST]
Traceback (most recent call last):
  File "C:\Users\ajimmy\AppData\Local\Programs\Python\Python37\lib\site-packages\flask\app.py", line 2529, in wsgi_app
    response = self.full_dispatch_request()
  File "C:\Users\ajimmy\AppData\Local\Programs\Python\Python37\lib\site-packages\flask\app.py", line 1825, in full_dispatch_request
    rv = self.handle_user_exception(e)
  File "C:\Users\ajimmy\AppData\Local\Programs\Python\Python37\lib\site-packages\flask\app.py", line 1823, in full_dispatch_request
    rv = self.dispatch_request()
  File "C:\Users\ajimmy\AppData\Local\Programs\Python\Python37\lib\site-packages\flask\app.py", line 1799, in dispatch_request
    return self.ensure_sync(self.view_functions[rule.endpoint])(**view_args)
  File "C:\Users\ajimmy\Python\MaLiknot\app.py", line 163, in edit_product
    return redirect(url_for('product_disp',products=product))
TypeError: redirect() got an unexpected keyword argument 'products'
Exception on /product/2/edit [POST]
Traceback (most recent call last):
  File "C:\Users\ajimmy\AppData\Local\Programs\Python\Python37\lib\site-packages\flask\app.py", line 2529, in wsgi_app
    response = self.full_dispatch_request()
  File "C:\Users\ajimmy\AppData\Local\Programs\Python\Python37\lib\site-packages\flask\app.py", line 1825, in full_dispatch_request
    rv = self.handle_user_exception(e)
  File "C:\Users\ajimmy\AppData\Local\Programs\Python\Python37\lib\site-packages\flask\app.py", line 1823, in full_dispatch_request
    rv = self.dispatch_request()
  File "C:\Users\ajimmy\AppData\Local\Programs\Python\Python37\lib\site-packages\flask\app.py", line 1799, in dispatch_request
    return self.ensure_sync(self.view_functions[rule.endpoint])(**view_args)
  File "C:\Users\ajimmy\Python\MaLiknot\app.py", line 163, in edit_product
    return redirect(url_for('product_disp',products=product))
  File "C:\Users\ajimmy\AppData\Local\Programs\Python\Python37\lib\site-packages\flask\helpers.py", line 262, in url_for
    **values,
  File "C:\Users\ajimmy\AppData\Local\Programs\Python\Python37\lib\site-packages\flask\app.py", line 2034, in url_for
    return self.handle_url_build_error(error, endpoint, values)
  File "C:\Users\ajimmy\AppData\Local\Programs\Python\Python37\lib\site-packages\flask\app.py", line 2028, in url_for
    force_external=_external,
  File "C:\Users\ajimmy\AppData\Local\Programs\Python\Python37\lib\site-packages\werkzeug\routing\map.py", line 917, in build
    raise BuildError(endpoint, values, method, self)
werkzeug.routing.exceptions.BuildError: Could not build url for endpoint 'product_disp' with values ['products']. Did you forget to specify values ['product_id']?
Exception on /product/2/edit [POST]
Traceback (most recent call last):
  File "C:\Users\ajimmy\AppData\Local\Programs\Python\Python37\lib\site-packages\flask\app.py", line 2529, in wsgi_app
    response = self.full_dispatch_request()
  File "C:\Users\ajimmy\AppData\Local\Programs\Python\Python37\lib\site-packages\flask\app.py", line 1825, in full_dispatch_request
    rv = self.handle_user_exception(e)
  File "C:\Users\ajimmy\AppData\Local\Programs\Python\Python37\lib\site-packages\flask\app.py", line 1823, in full_dispatch_request
    rv = self.dispatch_request()
  File "C:\Users\ajimmy\AppData\Local\Programs\Python\Python37\lib\site-packages\flask\app.py", line 1799, in dispatch_request
    return self.ensure_sync(self.view_functions[rule.endpoint])(**view_args)
  File "C:\Users\ajimmy\Python\MaLiknot\app.py", line 163, in edit_product
    return redirect(url_for('product_disp',product_id=request.form['id']))
  File "C:\Users\ajimmy\AppData\Local\Programs\Python\Python37\lib\site-packages\flask\helpers.py", line 262, in url_for
    **values,
  File "C:\Users\ajimmy\AppData\Local\Programs\Python\Python37\lib\site-packages\flask\app.py", line 2034, in url_for
    return self.handle_url_build_error(error, endpoint, values)
  File "C:\Users\ajimmy\AppData\Local\Programs\Python\Python37\lib\site-packages\flask\app.py", line 2028, in url_for
    force_external=_external,
  File "C:\Users\ajimmy\AppData\Local\Programs\Python\Python37\lib\site-packages\werkzeug\routing\map.py", line 917, in build
    raise BuildError(endpoint, values, method, self)
werkzeug.routing.exceptions.BuildError: Could not build url for endpoint 'product_disp' with values ['products']. Did you forget to specify values ['product_id']?
{'userid': 'jimmyadda', 'email': 'addajimmy@gmail.com', 'name': 'Defaccount'}Has Logged in
{'userid': 'jimmyadda', 'email': 'addajimmy@gmail.com', 'name': 'Defaccount'}Has Logged in
Exception on /login [POST]
Traceback (most recent call last):
  File "C:\Python\Python312\Lib\site-packages\flask\app.py", line 1463, in wsgi_app
    response = self.full_dispatch_request()
               ^^^^^^^^^^^^^^^^^^^^^^^^^^^^
  File "C:\Python\Python312\Lib\site-packages\flask\app.py", line 872, in full_dispatch_request
    rv = self.handle_user_exception(e)
         ^^^^^^^^^^^^^^^^^^^^^^^^^^^^^
  File "C:\Python\Python312\Lib\site-packages\flask\app.py", line 870, in full_dispatch_request
    rv = self.dispatch_request()
         ^^^^^^^^^^^^^^^^^^^^^^^
  File "C:\Python\Python312\Lib\site-packages\flask\app.py", line 855, in dispatch_request
    return self.ensure_sync(self.view_functions[rule.endpoint])(**view_args)  # type: ignore[no-any-return]
           ^^^^^^^^^^^^^^^^^^^^^^^^^^^^^^^^^^^^^^^^^^^^^^^^^^^^^^^^^^^^^^^^^
  File "C:\Users\ajimmy\Projects\MaLiknot\MaLiknot\app.py", line 96, in login_request
    logger.info(f"Login successfull - '{form['userid']}'  date: {str(datetime.now())}")
                                                                     ^^^^^^^^^^^^
AttributeError: module 'datetime' has no attribute 'now'
Exception on /login [POST]
Traceback (most recent call last):
  File "C:\Python\Python312\Lib\site-packages\flask\app.py", line 1463, in wsgi_app
    response = self.full_dispatch_request()
               ^^^^^^^^^^^^^^^^^^^^^^^^^^^^
  File "C:\Python\Python312\Lib\site-packages\flask\app.py", line 872, in full_dispatch_request
    rv = self.handle_user_exception(e)
         ^^^^^^^^^^^^^^^^^^^^^^^^^^^^^
  File "C:\Python\Python312\Lib\site-packages\flask\app.py", line 870, in full_dispatch_request
    rv = self.dispatch_request()
         ^^^^^^^^^^^^^^^^^^^^^^^
  File "C:\Python\Python312\Lib\site-packages\flask\app.py", line 855, in dispatch_request
    return self.ensure_sync(self.view_functions[rule.endpoint])(**view_args)  # type: ignore[no-any-return]
           ^^^^^^^^^^^^^^^^^^^^^^^^^^^^^^^^^^^^^^^^^^^^^^^^^^^^^^^^^^^^^^^^^
  File "C:\Users\ajimmy\Projects\MaLiknot\MaLiknot\app.py", line 96, in login_request
    logger.info(f"Login successfull - '{form['userid']}'  date: {str(datetime.now())}")
                                                                     ^^^^^^^^^^^^
AttributeError: module 'datetime' has no attribute 'now'
Exception on /login [POST]
Traceback (most recent call last):
  File "C:\Python\Python312\Lib\site-packages\flask\app.py", line 1463, in wsgi_app
    response = self.full_dispatch_request()
               ^^^^^^^^^^^^^^^^^^^^^^^^^^^^
  File "C:\Python\Python312\Lib\site-packages\flask\app.py", line 872, in full_dispatch_request
    rv = self.handle_user_exception(e)
         ^^^^^^^^^^^^^^^^^^^^^^^^^^^^^
  File "C:\Python\Python312\Lib\site-packages\flask\app.py", line 870, in full_dispatch_request
    rv = self.dispatch_request()
         ^^^^^^^^^^^^^^^^^^^^^^^
  File "C:\Python\Python312\Lib\site-packages\flask\app.py", line 855, in dispatch_request
    return self.ensure_sync(self.view_functions[rule.endpoint])(**view_args)  # type: ignore[no-any-return]
           ^^^^^^^^^^^^^^^^^^^^^^^^^^^^^^^^^^^^^^^^^^^^^^^^^^^^^^^^^^^^^^^^^
  File "C:\Users\ajimmy\Projects\MaLiknot\MaLiknot\app.py", line 96, in login_request
    logger.info(f"Login successfull - '{form['userid']}'  date: {str(datetime.now())}")
                                                                     ^^^^^^^^^^^^
AttributeError: module 'datetime' has no attribute 'now'
Login successfull - 'jimmyadda'  date: 2025-04-08 23:44:06.488608
Exception on /login [POST]
Traceback (most recent call last):
  File "C:\Python\Python312\Lib\site-packages\flask\app.py", line 1463, in wsgi_app
    response = self.full_dispatch_request()
               ^^^^^^^^^^^^^^^^^^^^^^^^^^^^
  File "C:\Python\Python312\Lib\site-packages\flask\app.py", line 872, in full_dispatch_request
    rv = self.handle_user_exception(e)
         ^^^^^^^^^^^^^^^^^^^^^^^^^^^^^
  File "C:\Python\Python312\Lib\site-packages\flask\app.py", line 870, in full_dispatch_request
    rv = self.dispatch_request()
         ^^^^^^^^^^^^^^^^^^^^^^^
  File "C:\Python\Python312\Lib\site-packages\flask\app.py", line 855, in dispatch_request
    return self.ensure_sync(self.view_functions[rule.endpoint])(**view_args)  # type: ignore[no-any-return]
           ^^^^^^^^^^^^^^^^^^^^^^^^^^^^^^^^^^^^^^^^^^^^^^^^^^^^^^^^^^^^^^^^^
  File "C:\Users\ajimmy\Projects\MaLiknot\MaLiknot\app.py", line 98, in login_request
    productsdata = get_db()
                   ^^^^^^
NameError: name 'get_db' is not defined
Login successfull - 'jimmyadda'  date: 2025-04-08 23:45:45.592100
Exception on /login [POST]
Traceback (most recent call last):
  File "C:\Python\Python312\Lib\site-packages\flask\app.py", line 1463, in wsgi_app
    response = self.full_dispatch_request()
               ^^^^^^^^^^^^^^^^^^^^^^^^^^^^
  File "C:\Python\Python312\Lib\site-packages\flask\app.py", line 872, in full_dispatch_request
    rv = self.handle_user_exception(e)
         ^^^^^^^^^^^^^^^^^^^^^^^^^^^^^
  File "C:\Python\Python312\Lib\site-packages\flask\app.py", line 870, in full_dispatch_request
    rv = self.dispatch_request()
         ^^^^^^^^^^^^^^^^^^^^^^^
  File "C:\Python\Python312\Lib\site-packages\flask\app.py", line 855, in dispatch_request
    return self.ensure_sync(self.view_functions[rule.endpoint])(**view_args)  # type: ignore[no-any-return]
           ^^^^^^^^^^^^^^^^^^^^^^^^^^^^^^^^^^^^^^^^^^^^^^^^^^^^^^^^^^^^^^^^^
  File "C:\Users\ajimmy\Projects\MaLiknot\MaLiknot\app.py", line 98, in login_request
    productsdata = database_read(f"select p.id,p.name,cat.name as catName from products p left JOIN categories cat on category_id = cat.id")
                   ^^^^^^
NameError: name 'get_db' is not defined
Login successfull - 'jimmyadda'  date: 2025-04-08 23:46:23.094334
Login successfull - 'jimmyadda'  date: 2025-04-08 23:49:48.735226
{'userid': 'jimmyadda', 'email': 'addajimmy@gmail.com', 'name': 'Defaccount'}Has Logged in
{'userid': 'jimmyadda', 'email': 'addajimmy@gmail.com', 'name': 'Defaccount'}Has Logged in
{'userid': 'jimmyadda', 'email': 'addajimmy@gmail.com', 'name': 'Defaccount'}Has Logged in
{'userid': 'jimmyadda', 'email': 'addajimmy@gmail.com', 'name': 'Defaccount'}Has Logged in
{'userid': 'jimmyadda', 'email': 'addajimmy@gmail.com', 'name': 'Defaccount'}Has Logged in
{'userid': 'jimmyadda', 'email': 'addajimmy@gmail.com', 'name': 'Defaccount'}Has Logged in
{'userid': 'jimmyadda', 'email': 'addajimmy@gmail.com', 'name': 'Defaccount'}Has Logged in
{'userid': 'jimmyadda', 'email': 'addajimmy@gmail.com', 'name': 'Defaccount'}Has Logged in
{'userid': 'jimmyadda', 'email': 'addajimmy@gmail.com', 'name': 'Defaccount'}Has Logged in
{'userid': 'jimmyadda', 'email': 'addajimmy@gmail.com', 'name': 'Defaccount'}Has Logged in
{'userid': 'jimmyadda', 'email': 'addajimmy@gmail.com', 'name': 'Defaccount'}Has Logged in
{'userid': 'jimmyadda', 'email': 'addajimmy@gmail.com', 'name': 'Defaccount'}Has Logged in
{'userid': 'jimmyadda', 'email': 'addajimmy@gmail.com', 'name': 'Defaccount'}Has Logged in
Exception on /list/test1 [GET]
Traceback (most recent call last):
  File "C:\Python\Python312\Lib\site-packages\flask\app.py", line 1463, in wsgi_app
    response = self.full_dispatch_request()
               ^^^^^^^^^^^^^^^^^^^^^^^^^^^^
  File "C:\Python\Python312\Lib\site-packages\flask\app.py", line 872, in full_dispatch_request
    rv = self.handle_user_exception(e)
         ^^^^^^^^^^^^^^^^^^^^^^^^^^^^^
  File "C:\Python\Python312\Lib\site-packages\flask\app.py", line 870, in full_dispatch_request
    rv = self.dispatch_request()
         ^^^^^^^^^^^^^^^^^^^^^^^
  File "C:\Python\Python312\Lib\site-packages\flask\app.py", line 855, in dispatch_request
    return self.ensure_sync(self.view_functions[rule.endpoint])(**view_args)  # type: ignore[no-any-return]
           ^^^^^^^^^^^^^^^^^^^^^^^^^^^^^^^^^^^^^^^^^^^^^^^^^^^^^^^^^^^^^^^^^
  File "C:\Users\ajimmy\Projects\MaLiknot\MaLiknot\app.py", line 195, in view_list
    return render_template("list.html", list_name=list_name, items=items)
           ^^^^^^^^^^^^^^^^^^^^^^^^^^^^^^^^^^^^^^^^^^^^^^^^^^^^^^^^^^^^^^
  File "C:\Python\Python312\Lib\site-packages\flask\templating.py", line 150, in render_template
    return _render(app, template, context)
           ^^^^^^^^^^^^^^^^^^^^^^^^^^^^^^^
  File "C:\Python\Python312\Lib\site-packages\flask\templating.py", line 131, in _render
    rv = template.render(context)
         ^^^^^^^^^^^^^^^^^^^^^^^^
  File "C:\Python\Python312\Lib\site-packages\jinja2\environment.py", line 1301, in render
    self.environment.handle_exception()
  File "C:\Python\Python312\Lib\site-packages\jinja2\environment.py", line 936, in handle_exception
    raise rewrite_traceback_stack(source=source)
  File "C:\Users\ajimmy\Projects\MaLiknot\MaLiknot\templates\list.html", line 44, in top-level template code
    <a href="{{ url_for('export', list_name=list_name) }}" class="btn btn-success">Export CSV</a>
    ^^^^^^^^^^^^^^^^^^^^^^^^^
  File "C:\Python\Python312\Lib\site-packages\flask\app.py", line 1074, in url_for
    return self.handle_url_build_error(error, endpoint, values)
           ^^^^^^^^^^^^^^^^^^^^^^^^^^^^^^^^^^^^^^^^^^^^^^^^^^^^
  File "C:\Python\Python312\Lib\site-packages\flask\app.py", line 1063, in url_for
    rv = url_adapter.build(  # type: ignore[union-attr]
         ^^^^^^^^^^^^^^^^^^^^^^^^^^^^^^^^^^^^^^^^^^^^^^
  File "C:\Python\Python312\Lib\site-packages\werkzeug\routing\map.py", line 919, in build
    raise BuildError(endpoint, values, method, self)
werkzeug.routing.exceptions.BuildError: Could not build url for endpoint 'export' with values ['list_name']. Did you mean 'index' instead?
{'userid': 'jimmyadda', 'email': 'addajimmy@gmail.com', 'name': 'Defaccount'}Has Logged in
{'userid': 'jimmyadda', 'email': 'addajimmy@gmail.com', 'name': 'Defaccount'}Has Logged in
{'userid': 'jimmyadda', 'email': 'addajimmy@gmail.com', 'name': 'Defaccount'}Has Logged in
{'userid': 'jimmyadda', 'email': 'addajimmy@gmail.com', 'name': 'Defaccount'}Has Logged in
{'userid': 'jimmyadda', 'email': 'addajimmy@gmail.com', 'name': 'Defaccount'}Has Logged in
{'userid': 'jimmyadda', 'email': 'addajimmy@gmail.com', 'name': 'Defaccount'}Has Logged in
{'userid': 'jimmyadda', 'email': 'addajimmy@gmail.com', 'name': 'Defaccount'}Has Logged in
{'userid': 'jimmyadda', 'email': 'addajimmy@gmail.com', 'name': 'Defaccount'}Has Logged in
{'userid': 'jimmyadda', 'email': 'addajimmy@gmail.com', 'name': 'Defaccount'}Has Logged in
Exception on / [POST]
Traceback (most recent call last):
  File "C:\Python\Python312\Lib\site-packages\flask\app.py", line 1463, in wsgi_app
    response = self.full_dispatch_request()
               ^^^^^^^^^^^^^^^^^^^^^^^^^^^^
  File "C:\Python\Python312\Lib\site-packages\flask\app.py", line 872, in full_dispatch_request
    rv = self.handle_user_exception(e)
         ^^^^^^^^^^^^^^^^^^^^^^^^^^^^^
  File "C:\Python\Python312\Lib\site-packages\flask\app.py", line 870, in full_dispatch_request
    rv = self.dispatch_request()
         ^^^^^^^^^^^^^^^^^^^^^^^
  File "C:\Python\Python312\Lib\site-packages\flask\app.py", line 855, in dispatch_request
    return self.ensure_sync(self.view_functions[rule.endpoint])(**view_args)  # type: ignore[no-any-return]
           ^^^^^^^^^^^^^^^^^^^^^^^^^^^^^^^^^^^^^^^^^^^^^^^^^^^^^^^^^^^^^^^^^
  File "C:\Users\ajimmy\Projects\MaLiknot\MaLiknot\app.py", line 125, in index
    ok = database_write(sql)
         ^^^^^^^^^^^^^^^^^^^
  File "C:\Users\ajimmy\Projects\MaLiknot\MaLiknot\HandelDB.py", line 19, in database_write
    row_affected = db.execute(sql).rowcount
                   ^^^^^^^^^^^^^^^
sqlite3.OperationalError: no such table: lists
{'userid': 'jimmyadda', 'email': 'addajimmy@gmail.com', 'name': 'Defaccount'}Has Logged in
{'userid': 'jimmyadda', 'email': 'addajimmy@gmail.com', 'name': 'Defaccount'}Has Logged in
Exception on / [POST]
Traceback (most recent call last):
  File "C:\Python\Python312\Lib\site-packages\flask\app.py", line 1463, in wsgi_app
    response = self.full_dispatch_request()
               ^^^^^^^^^^^^^^^^^^^^^^^^^^^^
  File "C:\Python\Python312\Lib\site-packages\flask\app.py", line 872, in full_dispatch_request
    rv = self.handle_user_exception(e)
         ^^^^^^^^^^^^^^^^^^^^^^^^^^^^^
  File "C:\Python\Python312\Lib\site-packages\flask\app.py", line 870, in full_dispatch_request
    rv = self.dispatch_request()
         ^^^^^^^^^^^^^^^^^^^^^^^
  File "C:\Python\Python312\Lib\site-packages\flask\app.py", line 855, in dispatch_request
    return self.ensure_sync(self.view_functions[rule.endpoint])(**view_args)  # type: ignore[no-any-return]
           ^^^^^^^^^^^^^^^^^^^^^^^^^^^^^^^^^^^^^^^^^^^^^^^^^^^^^^^^^^^^^^^^^
  File "C:\Users\ajimmy\Projects\MaLiknot\MaLiknot\app.py", line 125, in index
    ok = database_write(sql)
         ^^^^^^^^^^^^^^^^^^^
  File "C:\Users\ajimmy\Projects\MaLiknot\MaLiknot\HandelDB.py", line 19, in database_write
    row_affected = db.execute(sql).rowcount
                   ^^^^^^^^^^^^^^^
sqlite3.OperationalError: no such table: lists
{'userid': 'jimmyadda', 'email': 'addajimmy@gmail.com', 'name': 'Defaccount'}Has Logged in
{'userid': 'jimmyadda', 'email': 'addajimmy@gmail.com', 'name': 'Defaccount'}Has Logged in
{'userid': 'jimmyadda', 'email': 'addajimmy@gmail.com', 'name': 'Defaccount'}Has Logged in
{'userid': 'jimmyadda', 'email': 'addajimmy@gmail.com', 'name': 'Defaccount'}Has Logged in
{'userid': 'jimmyadda', 'email': 'addajimmy@gmail.com', 'name': 'Defaccount'}Has Logged in
{'userid': 'jimmyadda', 'email': 'addajimmy@gmail.com', 'name': 'Defaccount'}Has Logged in
{'userid': 'jimmyadda', 'email': 'addajimmy@gmail.com', 'name': 'Defaccount'}Has Logged in
Exception on /list/test1 [GET]
Traceback (most recent call last):
  File "C:\Python\Python312\Lib\site-packages\flask\app.py", line 1463, in wsgi_app
    response = self.full_dispatch_request()
               ^^^^^^^^^^^^^^^^^^^^^^^^^^^^
  File "C:\Python\Python312\Lib\site-packages\flask\app.py", line 872, in full_dispatch_request
    rv = self.handle_user_exception(e)
         ^^^^^^^^^^^^^^^^^^^^^^^^^^^^^
  File "C:\Python\Python312\Lib\site-packages\flask\app.py", line 870, in full_dispatch_request
    rv = self.dispatch_request()
         ^^^^^^^^^^^^^^^^^^^^^^^
  File "C:\Python\Python312\Lib\site-packages\flask\app.py", line 855, in dispatch_request
    return self.ensure_sync(self.view_functions[rule.endpoint])(**view_args)  # type: ignore[no-any-return]
           ^^^^^^^^^^^^^^^^^^^^^^^^^^^^^^^^^^^^^^^^^^^^^^^^^^^^^^^^^^^^^^^^^
  File "C:\Users\ajimmy\Projects\MaLiknot\MaLiknot\app.py", line 177, in view_list
    items = grocery_lists[list_name]
            ~~~~~~~~~~~~~^^^^^^^^^^^
KeyError: 'test1'
Login successfull - 'jimmyadda'  date: 2025-04-15 00:10:02.468122
{'userid': 'jimmyadda', 'email': 'addajimmy@gmail.com', 'name': 'Defaccount'}Has Logged in
{'userid': 'jimmyadda', 'email': 'addajimmy@gmail.com', 'name': 'Defaccount'}Has Logged in
{'userid': 'jimmyadda', 'email': 'addajimmy@gmail.com', 'name': 'Defaccount'}Has Logged in
Exception on /addproduct [GET]
Traceback (most recent call last):
  File "C:\Python\Python312\Lib\site-packages\flask\app.py", line 1463, in wsgi_app
    response = self.full_dispatch_request()
               ^^^^^^^^^^^^^^^^^^^^^^^^^^^^
  File "C:\Python\Python312\Lib\site-packages\flask\app.py", line 872, in full_dispatch_request
    rv = self.handle_user_exception(e)
         ^^^^^^^^^^^^^^^^^^^^^^^^^^^^^
  File "C:\Python\Python312\Lib\site-packages\flask\app.py", line 870, in full_dispatch_request
    rv = self.dispatch_request()
         ^^^^^^^^^^^^^^^^^^^^^^^
  File "C:\Python\Python312\Lib\site-packages\flask\app.py", line 855, in dispatch_request
    return self.ensure_sync(self.view_functions[rule.endpoint])(**view_args)  # type: ignore[no-any-return]
           ^^^^^^^^^^^^^^^^^^^^^^^^^^^^^^^^^^^^^^^^^^^^^^^^^^^^^^^^^^^^^^^^^
TypeError: product_add() missing 1 required positional argument: 'product_id'
Exception on /addproduct [GET]
Traceback (most recent call last):
  File "C:\Python\Python312\Lib\site-packages\flask\app.py", line 1463, in wsgi_app
    response = self.full_dispatch_request()
               ^^^^^^^^^^^^^^^^^^^^^^^^^^^^
  File "C:\Python\Python312\Lib\site-packages\flask\app.py", line 872, in full_dispatch_request
    rv = self.handle_user_exception(e)
         ^^^^^^^^^^^^^^^^^^^^^^^^^^^^^
  File "C:\Python\Python312\Lib\site-packages\flask\app.py", line 870, in full_dispatch_request
    rv = self.dispatch_request()
         ^^^^^^^^^^^^^^^^^^^^^^^
  File "C:\Python\Python312\Lib\site-packages\flask\app.py", line 855, in dispatch_request
    return self.ensure_sync(self.view_functions[rule.endpoint])(**view_args)  # type: ignore[no-any-return]
           ^^^^^^^^^^^^^^^^^^^^^^^^^^^^^^^^^^^^^^^^^^^^^^^^^^^^^^^^^^^^^^^^^
  File "C:\Users\ajimmy\Projects\MaLiknot\MaLiknot\app.py", line 159, in product_add
    return render_template('add_product.html', productid=new_id)
          ^^^^^^^^^^^^^^^^^^^^^^^^^^^^^^^^^^^^^^^^^^^^^^^^^^^^^
  File "C:\Python\Python312\Lib\site-packages\flask\templating.py", line 150, in render_template
    return _render(app, template, context)
           ^^^^^^^^^^^^^^^^^^^^^^^^^^^^^^^
  File "C:\Python\Python312\Lib\site-packages\flask\templating.py", line 131, in _render
    rv = template.render(context)
         ^^^^^^^^^^^^^^^^^^^^^^^^
  File "C:\Python\Python312\Lib\site-packages\jinja2\environment.py", line 1301, in render
    self.environment.handle_exception()
  File "C:\Python\Python312\Lib\site-packages\jinja2\environment.py", line 936, in handle_exception
    raise rewrite_traceback_stack(source=source)
  File "C:\Users\ajimmy\Projects\MaLiknot\MaLiknot\templates\add_product.html", line 1, in top-level template code
    {% extends 'base.html' %}
  File "C:\Users\ajimmy\Projects\MaLiknot\MaLiknot\templates\base.html", line 36, in top-level template code
    {% block content %}
  File "C:\Users\ajimmy\Projects\MaLiknot\MaLiknot\templates\add_product.html", line 16, in block 'content'
    <input type="text" id="name" name="name" value="{{ product.name }}" required><br>
    ^^^^^^^^^^^^^^^^^^^^^^^^^
  File "C:\Python\Python312\Lib\site-packages\jinja2\environment.py", line 485, in getattr
    return getattr(obj, attribute)
           ^^^^^^^^^^^^^^^^^^^^^^^
jinja2.exceptions.UndefinedError: 'product' is undefined
Exception on /addproduct [GET]
Traceback (most recent call last):
  File "C:\Python\Python312\Lib\site-packages\flask\app.py", line 1463, in wsgi_app
    response = self.full_dispatch_request()
               ^^^^^^^^^^^^^^^^^^^^^^^^^^^^
  File "C:\Python\Python312\Lib\site-packages\flask\app.py", line 872, in full_dispatch_request
    rv = self.handle_user_exception(e)
         ^^^^^^^^^^^^^^^^^^^^^^^^^^^^^
  File "C:\Python\Python312\Lib\site-packages\flask\app.py", line 870, in full_dispatch_request
    rv = self.dispatch_request()
         ^^^^^^^^^^^^^^^^^^^^^^^
  File "C:\Python\Python312\Lib\site-packages\flask\app.py", line 855, in dispatch_request
    return self.ensure_sync(self.view_functions[rule.endpoint])(**view_args)  # type: ignore[no-any-return]
           ^^^^^^^^^^^^^^^^^^^^^^^^^^^^^^^^^^^^^^^^^^^^^^^^^^^^^^^^^^^^^^^^^
  File "C:\Users\ajimmy\Projects\MaLiknot\MaLiknot\app.py", line 159, in product_add
    my_key = new_id.pop("newid")
             ^^^^^^^^^^^^^^^^^^^
TypeError: 'str' object cannot be interpreted as an integer
Exception on /addproduct [GET]
Traceback (most recent call last):
  File "C:\Python\Python312\Lib\site-packages\flask\app.py", line 1463, in wsgi_app
    response = self.full_dispatch_request()
               ^^^^^^^^^^^^^^^^^^^^^^^^^^^^
  File "C:\Python\Python312\Lib\site-packages\flask\app.py", line 872, in full_dispatch_request
    rv = self.handle_user_exception(e)
         ^^^^^^^^^^^^^^^^^^^^^^^^^^^^^
  File "C:\Python\Python312\Lib\site-packages\flask\app.py", line 870, in full_dispatch_request
    rv = self.dispatch_request()
         ^^^^^^^^^^^^^^^^^^^^^^^
  File "C:\Python\Python312\Lib\site-packages\flask\app.py", line 855, in dispatch_request
    return self.ensure_sync(self.view_functions[rule.endpoint])(**view_args)  # type: ignore[no-any-return]
           ^^^^^^^^^^^^^^^^^^^^^^^^^^^^^^^^^^^^^^^^^^^^^^^^^^^^^^^^^^^^^^^^^
  File "C:\Users\ajimmy\Projects\MaLiknot\MaLiknot\app.py", line 159, in product_add
    print(new_id)
             ^^^^^
TypeError: 'str' object cannot be interpreted as an integer
Exception on /addproduct [GET]
Traceback (most recent call last):
  File "C:\Python\Python312\Lib\site-packages\flask\app.py", line 1463, in wsgi_app
    response = self.full_dispatch_request()
               ^^^^^^^^^^^^^^^^^^^^^^^^^^^^
  File "C:\Python\Python312\Lib\site-packages\flask\app.py", line 872, in full_dispatch_request
    rv = self.handle_user_exception(e)
         ^^^^^^^^^^^^^^^^^^^^^^^^^^^^^
  File "C:\Python\Python312\Lib\site-packages\flask\app.py", line 870, in full_dispatch_request
    rv = self.dispatch_request()
         ^^^^^^^^^^^^^^^^^^^^^^^
  File "C:\Python\Python312\Lib\site-packages\flask\app.py", line 855, in dispatch_request
    return self.ensure_sync(self.view_functions[rule.endpoint])(**view_args)  # type: ignore[no-any-return]
           ^^^^^^^^^^^^^^^^^^^^^^^^^^^^^^^^^^^^^^^^^^^^^^^^^^^^^^^^^^^^^^^^^
  File "C:\Users\ajimmy\Projects\MaLiknot\MaLiknot\app.py", line 160, in product_add
    my_key = new_id.pop("newid")
             ^^^^^^^^^^^^^^^^^^^
TypeError: 'str' object cannot be interpreted as an integer
{'userid': 'jimmyadda', 'email': 'addajimmy@gmail.com', 'name': 'Defaccount'}Has Logged in
Exception on /addproduct [POST]
Traceback (most recent call last):
  File "C:\Python\Python312\Lib\site-packages\flask\app.py", line 1463, in wsgi_app
    response = self.full_dispatch_request()
               ^^^^^^^^^^^^^^^^^^^^^^^^^^^^
  File "C:\Python\Python312\Lib\site-packages\flask\app.py", line 872, in full_dispatch_request
    rv = self.handle_user_exception(e)
         ^^^^^^^^^^^^^^^^^^^^^^^^^^^^^
  File "C:\Python\Python312\Lib\site-packages\flask\app.py", line 870, in full_dispatch_request
    rv = self.dispatch_request()
         ^^^^^^^^^^^^^^^^^^^^^^^
  File "C:\Python\Python312\Lib\site-packages\flask\app.py", line 855, in dispatch_request
    return self.ensure_sync(self.view_functions[rule.endpoint])(**view_args)  # type: ignore[no-any-return]
           ^^^^^^^^^^^^^^^^^^^^^^^^^^^^^^^^^^^^^^^^^^^^^^^^^^^^^^^^^^^^^^^^^
  File "C:\Users\ajimmy\Projects\MaLiknot\MaLiknot\app.py", line 169, in product_add
    sql= f"INSERT INTO products (name,price,unit,category_id) VALUES ('{item}', '{price}', '{unit}', '{category_id}');"
                                                                        ^^^^
NameError: name 'item' is not defined. Did you mean: 'iter'?
Exception on /addproduct [POST]
Traceback (most recent call last):
  File "C:\Python\Python312\Lib\site-packages\flask\app.py", line 1463, in wsgi_app
    response = self.full_dispatch_request()
               ^^^^^^^^^^^^^^^^^^^^^^^^^^^^
  File "C:\Python\Python312\Lib\site-packages\flask\app.py", line 873, in full_dispatch_request
    return self.finalize_request(rv)
           ^^^^^^^^^^^^^^^^^^^^^^^^^
  File "C:\Python\Python312\Lib\site-packages\flask\app.py", line 892, in finalize_request
    response = self.make_response(rv)
               ^^^^^^^^^^^^^^^^^^^^^^
  File "C:\Python\Python312\Lib\site-packages\flask\app.py", line 1164, in make_response
    raise TypeError(
TypeError: The view function for 'product_add' did not return a valid response. The function either returned None or ended without a return statement.
Exception on /addproduct [POST]
Traceback (most recent call last):
  File "C:\Python\Python312\Lib\site-packages\flask\app.py", line 1463, in wsgi_app
    response = self.full_dispatch_request()
               ^^^^^^^^^^^^^^^^^^^^^^^^^^^^
  File "C:\Python\Python312\Lib\site-packages\flask\app.py", line 873, in full_dispatch_request
    return self.finalize_request(rv)
           ^^^^^^^^^^^^^^^^^^^^^^^^^
  File "C:\Python\Python312\Lib\site-packages\flask\app.py", line 892, in finalize_request
    response = self.make_response(rv)
               ^^^^^^^^^^^^^^^^^^^^^^
  File "C:\Python\Python312\Lib\site-packages\flask\app.py", line 1164, in make_response
    raise TypeError(
TypeError: The view function for 'product_add' did not return a valid response. The function either returned None or ended without a return statement.
{'userid': 'jimmyadda', 'email': 'addajimmy@gmail.com', 'name': 'Defaccount'}Has Logged in
{'userid': 'jimmyadda', 'email': 'addajimmy@gmail.com', 'name': 'Defaccount'}Has Logged in
{'userid': 'jimmyadda', 'email': 'addajimmy@gmail.com', 'name': 'Defaccount'}Has Logged in
{'userid': 'jimmyadda', 'email': 'addajimmy@gmail.com', 'name': 'Defaccount'}Has Logged in
{'userid': 'jimmyadda', 'email': 'addajimmy@gmail.com', 'name': 'Defaccount'}Has Logged in
{'userid': 'jimmyadda', 'email': 'addajimmy@gmail.com', 'name': 'Defaccount'}Has Logged in
{'userid': 'jimmyadda', 'email': 'addajimmy@gmail.com', 'name': 'Defaccount'}Has Logged in
{'userid': 'jimmyadda', 'email': 'addajimmy@gmail.com', 'name': 'Defaccount'}Has Logged in
{'userid': 'jimmyadda', 'email': 'addajimmy@gmail.com', 'name': 'Defaccount'}Has Logged in
{'userid': 'jimmyadda', 'email': 'addajimmy@gmail.com', 'name': 'Defaccount'}Has Logged in
{'userid': 'jimmyadda', 'email': 'addajimmy@gmail.com', 'name': 'Defaccount'}Has Logged in
{'userid': 'jimmyadda', 'email': 'addajimmy@gmail.com', 'name': 'Defaccount'}Has Logged in
{'userid': 'jimmyadda', 'email': 'addajimmy@gmail.com', 'name': 'Defaccount'}Has Logged in
{'userid': 'jimmyadda', 'email': 'addajimmy@gmail.com', 'name': 'Defaccount'}Has Logged in
{'userid': 'jimmyadda', 'email': 'addajimmy@gmail.com', 'name': 'Defaccount'}Has Logged in
{'userid': 'jimmyadda', 'email': 'addajimmy@gmail.com', 'name': 'Defaccount'}Has Logged in
{'userid': 'jimmyadda', 'email': 'addajimmy@gmail.com', 'name': 'Defaccount'}Has Logged in
{'userid': 'jimmyadda', 'email': 'addajimmy@gmail.com', 'name': 'Defaccount'}Has Logged in
{'userid': 'jimmyadda', 'email': 'addajimmy@gmail.com', 'name': 'Defaccount'}Has Logged in
{'userid': 'jimmyadda', 'email': 'addajimmy@gmail.com', 'name': 'Defaccount'}Has Logged in
{'userid': 'jimmyadda', 'email': 'addajimmy@gmail.com', 'name': 'Defaccount'}Has Logged in
{'userid': 'jimmyadda', 'email': 'addajimmy@gmail.com', 'name': 'Defaccount'}Has Logged in
Exception on /delete_Product/58 [DELETE]
Traceback (most recent call last):
  File "C:\Python\Python312\Lib\site-packages\flask\app.py", line 1463, in wsgi_app
    response = self.full_dispatch_request()
               ^^^^^^^^^^^^^^^^^^^^^^^^^^^^
  File "C:\Python\Python312\Lib\site-packages\flask\app.py", line 872, in full_dispatch_request
    rv = self.handle_user_exception(e)
         ^^^^^^^^^^^^^^^^^^^^^^^^^^^^^
  File "C:\Python\Python312\Lib\site-packages\flask\app.py", line 870, in full_dispatch_request
    rv = self.dispatch_request()
         ^^^^^^^^^^^^^^^^^^^^^^^
  File "C:\Python\Python312\Lib\site-packages\flask\app.py", line 855, in dispatch_request
    return self.ensure_sync(self.view_functions[rule.endpoint])(**view_args)  # type: ignore[no-any-return]
           ^^^^^^^^^^^^^^^^^^^^^^^^^^^^^^^^^^^^^^^^^^^^^^^^^^^^^^^^^^^^^^^^^
  File "C:\Python\Python312\Lib\site-packages\flask_login\utils.py", line 290, in decorated_view
    return current_app.ensure_sync(func)(*args, **kwargs)
           ^^^^^^^^^^^^^^^^^^^^^^^^^^^^^^^^^^^^^^^^^^^^^^
TypeError: delete_product() got an unexpected keyword argument 'product_id'
{'userid': 'jimmyadda', 'email': 'addajimmy@gmail.com', 'name': 'Defaccount'}Has Logged in
Exception on /delete_Product/58 [DELETE]
Traceback (most recent call last):
  File "C:\Python\Python312\Lib\site-packages\flask\app.py", line 1463, in wsgi_app
    response = self.full_dispatch_request()
               ^^^^^^^^^^^^^^^^^^^^^^^^^^^^
  File "C:\Python\Python312\Lib\site-packages\flask\app.py", line 872, in full_dispatch_request
    rv = self.handle_user_exception(e)
         ^^^^^^^^^^^^^^^^^^^^^^^^^^^^^
  File "C:\Python\Python312\Lib\site-packages\flask\app.py", line 870, in full_dispatch_request
    rv = self.dispatch_request()
         ^^^^^^^^^^^^^^^^^^^^^^^
  File "C:\Python\Python312\Lib\site-packages\flask\app.py", line 855, in dispatch_request
    return self.ensure_sync(self.view_functions[rule.endpoint])(**view_args)  # type: ignore[no-any-return]
           ^^^^^^^^^^^^^^^^^^^^^^^^^^^^^^^^^^^^^^^^^^^^^^^^^^^^^^^^^^^^^^^^^
  File "C:\Python\Python312\Lib\site-packages\flask_login\utils.py", line 290, in decorated_view
    return current_app.ensure_sync(func)(*args, **kwargs)
           ^^^^^^^^^^^^^^^^^^^^^^^^^^^^^^^^^^^^^^^^^^^^^^
  File "C:\Users\ajimmy\Projects\MaLiknot\MaLiknot\app.py", line 204, in delete_product
    id = data['id']
         ~~~~^^^^^^
KeyError: 'id'
{'userid': 'jimmyadda', 'email': 'addajimmy@gmail.com', 'name': 'Defaccount'}Has Logged in
Exception on /delete_Product/58 [DELETE]
Traceback (most recent call last):
  File "C:\Python\Python312\Lib\site-packages\flask\app.py", line 1463, in wsgi_app
    response = self.full_dispatch_request()
               ^^^^^^^^^^^^^^^^^^^^^^^^^^^^
  File "C:\Python\Python312\Lib\site-packages\flask\app.py", line 872, in full_dispatch_request
    rv = self.handle_user_exception(e)
         ^^^^^^^^^^^^^^^^^^^^^^^^^^^^^
  File "C:\Python\Python312\Lib\site-packages\flask\app.py", line 870, in full_dispatch_request
    rv = self.dispatch_request()
         ^^^^^^^^^^^^^^^^^^^^^^^
  File "C:\Python\Python312\Lib\site-packages\flask\app.py", line 855, in dispatch_request
    return self.ensure_sync(self.view_functions[rule.endpoint])(**view_args)  # type: ignore[no-any-return]
           ^^^^^^^^^^^^^^^^^^^^^^^^^^^^^^^^^^^^^^^^^^^^^^^^^^^^^^^^^^^^^^^^^
  File "C:\Python\Python312\Lib\site-packages\flask_login\utils.py", line 290, in decorated_view
    return current_app.ensure_sync(func)(*args, **kwargs)
           ^^^^^^^^^^^^^^^^^^^^^^^^^^^^^^^^^^^^^^^^^^^^^^
  File "C:\Users\ajimmy\Projects\MaLiknot\MaLiknot\app.py", line 206, in delete_product
    ok = database_write(sql,data)
         ^^^^^^^^^^^^^^^^^^^^^^^^
  File "C:\Users\ajimmy\Projects\MaLiknot\MaLiknot\HandelDB.py", line 19, in database_write
    row_affected = db.execute(sql).rowcount
                   ^^^^^^^^^^^^^^^
sqlite3.OperationalError: no such table: Product
{'userid': 'jimmyadda', 'email': 'addajimmy@gmail.com', 'name': 'Defaccount'}Has Logged in
{'userid': 'jimmyadda', 'email': 'addajimmy@gmail.com', 'name': 'Defaccount'}Has Logged in
{'userid': 'jimmyadda', 'email': 'addajimmy@gmail.com', 'name': 'Defaccount'}Has Logged in
{'userid': 'jimmyadda', 'email': 'addajimmy@gmail.com', 'name': 'Defaccount'}Has Logged in
{'userid': 'jimmyadda', 'email': 'addajimmy@gmail.com', 'name': 'Defaccount'}Has Logged in
{'userid': 'jimmyadda', 'email': 'addajimmy@gmail.com', 'name': 'Defaccount'}Has Logged in
{'userid': 'jimmyadda', 'email': 'addajimmy@gmail.com', 'name': 'Defaccount'}Has Logged in
{'userid': 'jimmyadda', 'email': 'addajimmy@gmail.com', 'name': 'Defaccount'}Has Logged in
{'userid': 'jimmyadda', 'email': 'addajimmy@gmail.com', 'name': 'Defaccount'}Has Logged in
{'userid': 'jimmyadda', 'email': 'addajimmy@gmail.com', 'name': 'Defaccount'}Has Logged in
{'userid': 'jimmyadda', 'email': 'addajimmy@gmail.com', 'name': 'Defaccount'}Has Logged in
Exception on /list/סופש [GET]
Traceback (most recent call last):
  File "C:\Python\Python312\Lib\site-packages\flask\app.py", line 1463, in wsgi_app
    response = self.full_dispatch_request()
               ^^^^^^^^^^^^^^^^^^^^^^^^^^^^
  File "C:\Python\Python312\Lib\site-packages\flask\app.py", line 872, in full_dispatch_request
    rv = self.handle_user_exception(e)
         ^^^^^^^^^^^^^^^^^^^^^^^^^^^^^
  File "C:\Python\Python312\Lib\site-packages\flask\app.py", line 870, in full_dispatch_request
    rv = self.dispatch_request()
         ^^^^^^^^^^^^^^^^^^^^^^^
  File "C:\Python\Python312\Lib\site-packages\flask\app.py", line 855, in dispatch_request
    return self.ensure_sync(self.view_functions[rule.endpoint])(**view_args)  # type: ignore[no-any-return]
           ^^^^^^^^^^^^^^^^^^^^^^^^^^^^^^^^^^^^^^^^^^^^^^^^^^^^^^^^^^^^^^^^^
  File "C:\Users\ajimmy\Projects\MaLiknot\MaLiknot\app.py", line 220, in view_list
    items = grocery_lists[list_name]
            ~~~~~~~~~~~~~^^^^^^^^^^^
KeyError: 'סופש'
{'userid': 'jimmyadda', 'email': 'addajimmy@gmail.com', 'name': 'Defaccount'}Has Logged in
Exception on /list/סופש [GET]
Traceback (most recent call last):
  File "C:\Python\Python312\Lib\site-packages\flask\app.py", line 1463, in wsgi_app
    response = self.full_dispatch_request()
               ^^^^^^^^^^^^^^^^^^^^^^^^^^^^
  File "C:\Python\Python312\Lib\site-packages\flask\app.py", line 872, in full_dispatch_request
    rv = self.handle_user_exception(e)
         ^^^^^^^^^^^^^^^^^^^^^^^^^^^^^
  File "C:\Python\Python312\Lib\site-packages\flask\app.py", line 870, in full_dispatch_request
    rv = self.dispatch_request()
         ^^^^^^^^^^^^^^^^^^^^^^^
  File "C:\Python\Python312\Lib\site-packages\flask\app.py", line 855, in dispatch_request
    return self.ensure_sync(self.view_functions[rule.endpoint])(**view_args)  # type: ignore[no-any-return]
           ^^^^^^^^^^^^^^^^^^^^^^^^^^^^^^^^^^^^^^^^^^^^^^^^^^^^^^^^^^^^^^^^^
  File "C:\Users\ajimmy\Projects\MaLiknot\MaLiknot\app.py", line 220, in view_list
    items = grocery_lists[list_id]
            ~~~~~~~~~~~~~^^^^^^^^^^
KeyError: 'סופש'
{'userid': 'jimmyadda', 'email': 'addajimmy@gmail.com', 'name': 'Defaccount'}Has Logged in
{'userid': 'jimmyadda', 'email': 'addajimmy@gmail.com', 'name': 'Defaccount'}Has Logged in
Exception on / [POST]
Traceback (most recent call last):
  File "C:\Python\Python312\Lib\site-packages\flask\app.py", line 1463, in wsgi_app
    response = self.full_dispatch_request()
               ^^^^^^^^^^^^^^^^^^^^^^^^^^^^
  File "C:\Python\Python312\Lib\site-packages\flask\app.py", line 872, in full_dispatch_request
    rv = self.handle_user_exception(e)
         ^^^^^^^^^^^^^^^^^^^^^^^^^^^^^
  File "C:\Python\Python312\Lib\site-packages\flask\app.py", line 870, in full_dispatch_request
    rv = self.dispatch_request()
         ^^^^^^^^^^^^^^^^^^^^^^^
  File "C:\Python\Python312\Lib\site-packages\flask\app.py", line 855, in dispatch_request
    return self.ensure_sync(self.view_functions[rule.endpoint])(**view_args)  # type: ignore[no-any-return]
           ^^^^^^^^^^^^^^^^^^^^^^^^^^^^^^^^^^^^^^^^^^^^^^^^^^^^^^^^^^^^^^^^^
  File "C:\Users\ajimmy\Projects\MaLiknot\MaLiknot\app.py", line 128, in index
    return redirect(url_for("view_list", list_id=list_id))
              ^^^^^^^^^^^^^^^^^^^^^^^^^^^^^^^^^^^^^
  File "C:\Python\Python312\Lib\site-packages\flask\helpers.py", line 220, in url_for
    return current_app.url_for(
           ^^^^^^^^^^^^^^^^^^^^
  File "C:\Python\Python312\Lib\site-packages\flask\app.py", line 1063, in url_for
    rv = url_adapter.build(  # type: ignore[union-attr]
         ^^^^^^^^^^^^^^^^^^^^^^^^^^^^^^^^^^^^^^^^^^^^^^
  File "C:\Python\Python312\Lib\site-packages\werkzeug\routing\map.py", line 917, in build
    rv = self._partial_build(endpoint, values, method, append_unknown)
         ^^^^^^^^^^^^^^^^^^^^^^^^^^^^^^^^^^^^^^^^^^^^^^^^^^^^^^^^^^^^^
  File "C:\Python\Python312\Lib\site-packages\werkzeug\routing\map.py", line 796, in _partial_build
    rv = self._partial_build(
         ^^^^^^^^^^^^^^^^^^^^
  File "C:\Python\Python312\Lib\site-packages\werkzeug\routing\map.py", line 809, in _partial_build
    build_rv = rule.build(values, append_unknown)
               ^^^^^^^^^^^^^^^^^^^^^^^^^^^^^^^^^^
  File "C:\Python\Python312\Lib\site-packages\werkzeug\routing\rules.py", line 831, in build
    return self._build_unknown(**values)
           ^^^^^^^^^^^^^^^^^^^^^^^^^^^^^
  File "<werkzeug routing>", line 1, in <builder:'/list/<int:list_id>'>
  File "C:\Python\Python312\Lib\site-packages\werkzeug\routing\converters.py", line 163, in to_url
    value = str(self.num_convert(value))
                ^^^^^^^^^^^^^^^^^^^^^^^
TypeError: int() argument must be a string, a bytes-like object or a real number, not 'list'
{'userid': 'jimmyadda', 'email': 'addajimmy@gmail.com', 'name': 'Defaccount'}Has Logged in
{'userid': 'jimmyadda', 'email': 'addajimmy@gmail.com', 'name': 'Defaccount'}Has Logged in
Exception on / [POST]
Traceback (most recent call last):
  File "C:\Python\Python312\Lib\site-packages\flask\app.py", line 1463, in wsgi_app
    response = self.full_dispatch_request()
               ^^^^^^^^^^^^^^^^^^^^^^^^^^^^
  File "C:\Python\Python312\Lib\site-packages\flask\app.py", line 872, in full_dispatch_request
    rv = self.handle_user_exception(e)
         ^^^^^^^^^^^^^^^^^^^^^^^^^^^^^
  File "C:\Python\Python312\Lib\site-packages\flask\app.py", line 870, in full_dispatch_request
    rv = self.dispatch_request()
         ^^^^^^^^^^^^^^^^^^^^^^^
  File "C:\Python\Python312\Lib\site-packages\flask\app.py", line 855, in dispatch_request
    return self.ensure_sync(self.view_functions[rule.endpoint])(**view_args)  # type: ignore[no-any-return]
           ^^^^^^^^^^^^^^^^^^^^^^^^^^^^^^^^^^^^^^^^^^^^^^^^^^^^^^^^^^^^^^^^^
  File "C:\Users\ajimmy\Projects\MaLiknot\MaLiknot\app.py", line 130, in index
    return redirect(url_for("view_list", list_id=list_id))
              ^^^^^^^^^^^^^^^^^^^^^^^^^^^^^^^^^^^^^
  File "C:\Python\Python312\Lib\site-packages\flask\helpers.py", line 220, in url_for
    return current_app.url_for(
           ^^^^^^^^^^^^^^^^^^^^
  File "C:\Python\Python312\Lib\site-packages\flask\app.py", line 1063, in url_for
    rv = url_adapter.build(  # type: ignore[union-attr]
         ^^^^^^^^^^^^^^^^^^^^^^^^^^^^^^^^^^^^^^^^^^^^^^
  File "C:\Python\Python312\Lib\site-packages\werkzeug\routing\map.py", line 917, in build
    rv = self._partial_build(endpoint, values, method, append_unknown)
         ^^^^^^^^^^^^^^^^^^^^^^^^^^^^^^^^^^^^^^^^^^^^^^^^^^^^^^^^^^^^^
  File "C:\Python\Python312\Lib\site-packages\werkzeug\routing\map.py", line 796, in _partial_build
    rv = self._partial_build(
         ^^^^^^^^^^^^^^^^^^^^
  File "C:\Python\Python312\Lib\site-packages\werkzeug\routing\map.py", line 809, in _partial_build
    build_rv = rule.build(values, append_unknown)
               ^^^^^^^^^^^^^^^^^^^^^^^^^^^^^^^^^^
  File "C:\Python\Python312\Lib\site-packages\werkzeug\routing\rules.py", line 831, in build
    return self._build_unknown(**values)
           ^^^^^^^^^^^^^^^^^^^^^^^^^^^^^
  File "<werkzeug routing>", line 1, in <builder:'/list/<int:list_id>'>
  File "C:\Python\Python312\Lib\site-packages\werkzeug\routing\converters.py", line 163, in to_url
    value = str(self.num_convert(value))
                ^^^^^^^^^^^^^^^^^^^^^^^
TypeError: int() argument must be a string, a bytes-like object or a real number, not 'list'
{'userid': 'jimmyadda', 'email': 'addajimmy@gmail.com', 'name': 'Defaccount'}Has Logged in
{'userid': 'jimmyadda', 'email': 'addajimmy@gmail.com', 'name': 'Defaccount'}Has Logged in
Exception on / [POST]
Traceback (most recent call last):
  File "C:\Python\Python312\Lib\site-packages\flask\app.py", line 1463, in wsgi_app
    response = self.full_dispatch_request()
               ^^^^^^^^^^^^^^^^^^^^^^^^^^^^
  File "C:\Python\Python312\Lib\site-packages\flask\app.py", line 872, in full_dispatch_request
    rv = self.handle_user_exception(e)
         ^^^^^^^^^^^^^^^^^^^^^^^^^^^^^
  File "C:\Python\Python312\Lib\site-packages\flask\app.py", line 870, in full_dispatch_request
    rv = self.dispatch_request()
         ^^^^^^^^^^^^^^^^^^^^^^^
  File "C:\Python\Python312\Lib\site-packages\flask\app.py", line 855, in dispatch_request
    return self.ensure_sync(self.view_functions[rule.endpoint])(**view_args)  # type: ignore[no-any-return]
           ^^^^^^^^^^^^^^^^^^^^^^^^^^^^^^^^^^^^^^^^^^^^^^^^^^^^^^^^^^^^^^^^^
  File "C:\Users\ajimmy\Projects\MaLiknot\MaLiknot\app.py", line 130, in index
    return redirect(url_for("view_list", list_id=list_id))
              ^^^^^^^^^^^^^^^^^^^^^^^^^^^^^^^^^^^^^
  File "C:\Python\Python312\Lib\site-packages\flask\helpers.py", line 220, in url_for
    return current_app.url_for(
           ^^^^^^^^^^^^^^^^^^^^
  File "C:\Python\Python312\Lib\site-packages\flask\app.py", line 1063, in url_for
    rv = url_adapter.build(  # type: ignore[union-attr]
         ^^^^^^^^^^^^^^^^^^^^^^^^^^^^^^^^^^^^^^^^^^^^^^
  File "C:\Python\Python312\Lib\site-packages\werkzeug\routing\map.py", line 917, in build
    rv = self._partial_build(endpoint, values, method, append_unknown)
         ^^^^^^^^^^^^^^^^^^^^^^^^^^^^^^^^^^^^^^^^^^^^^^^^^^^^^^^^^^^^^
  File "C:\Python\Python312\Lib\site-packages\werkzeug\routing\map.py", line 796, in _partial_build
    rv = self._partial_build(
         ^^^^^^^^^^^^^^^^^^^^
  File "C:\Python\Python312\Lib\site-packages\werkzeug\routing\map.py", line 809, in _partial_build
    build_rv = rule.build(values, append_unknown)
               ^^^^^^^^^^^^^^^^^^^^^^^^^^^^^^^^^^
  File "C:\Python\Python312\Lib\site-packages\werkzeug\routing\rules.py", line 831, in build
    return self._build_unknown(**values)
           ^^^^^^^^^^^^^^^^^^^^^^^^^^^^^
  File "<werkzeug routing>", line 1, in <builder:'/list/<int:list_id>'>
  File "C:\Python\Python312\Lib\site-packages\werkzeug\routing\converters.py", line 163, in to_url
    value = str(self.num_convert(value))
                ^^^^^^^^^^^^^^^^^^^^^^^
TypeError: int() argument must be a string, a bytes-like object or a real number, not 'list'
{'userid': 'jimmyadda', 'email': 'addajimmy@gmail.com', 'name': 'Defaccount'}Has Logged in
{'userid': 'jimmyadda', 'email': 'addajimmy@gmail.com', 'name': 'Defaccount'}Has Logged in
Exception on /list/8 [GET]
Traceback (most recent call last):
  File "C:\Python\Python312\Lib\site-packages\flask\app.py", line 1463, in wsgi_app
    response = self.full_dispatch_request()
               ^^^^^^^^^^^^^^^^^^^^^^^^^^^^
  File "C:\Python\Python312\Lib\site-packages\flask\app.py", line 872, in full_dispatch_request
    rv = self.handle_user_exception(e)
         ^^^^^^^^^^^^^^^^^^^^^^^^^^^^^
  File "C:\Python\Python312\Lib\site-packages\flask\app.py", line 870, in full_dispatch_request
    rv = self.dispatch_request()
         ^^^^^^^^^^^^^^^^^^^^^^^
  File "C:\Python\Python312\Lib\site-packages\flask\app.py", line 855, in dispatch_request
    return self.ensure_sync(self.view_functions[rule.endpoint])(**view_args)  # type: ignore[no-any-return]
           ^^^^^^^^^^^^^^^^^^^^^^^^^^^^^^^^^^^^^^^^^^^^^^^^^^^^^^^^^^^^^^^^^
  File "C:\Users\ajimmy\Projects\MaLiknot\MaLiknot\app.py", line 224, in view_list
    items = grocery_lists[list_id]
            ~~~~~~~~~~~~~^^^^^^^^^
KeyError: 8
{'userid': 'jimmyadda', 'email': 'addajimmy@gmail.com', 'name': 'Defaccount'}Has Logged in
{'userid': 'jimmyadda', 'email': 'addajimmy@gmail.com', 'name': 'Defaccount'}Has Logged in
Exception on /list/9 [GET]
Traceback (most recent call last):
  File "C:\Python\Python312\Lib\site-packages\flask\app.py", line 1463, in wsgi_app
    response = self.full_dispatch_request()
               ^^^^^^^^^^^^^^^^^^^^^^^^^^^^
  File "C:\Python\Python312\Lib\site-packages\flask\app.py", line 873, in full_dispatch_request
    return self.finalize_request(rv)
           ^^^^^^^^^^^^^^^^^^^^^^^^^
  File "C:\Python\Python312\Lib\site-packages\flask\app.py", line 892, in finalize_request
    response = self.make_response(rv)
               ^^^^^^^^^^^^^^^^^^^^^^
  File "C:\Python\Python312\Lib\site-packages\flask\app.py", line 1164, in make_response
    raise TypeError(
TypeError: The view function for 'view_list' did not return a valid response. The function either returned None or ended without a return statement.
Exception on /list/9 [GET]
Traceback (most recent call last):
  File "C:\Python\Python312\Lib\site-packages\flask\app.py", line 1463, in wsgi_app
    response = self.full_dispatch_request()
               ^^^^^^^^^^^^^^^^^^^^^^^^^^^^
  File "C:\Python\Python312\Lib\site-packages\flask\app.py", line 872, in full_dispatch_request
    rv = self.handle_user_exception(e)
         ^^^^^^^^^^^^^^^^^^^^^^^^^^^^^
  File "C:\Python\Python312\Lib\site-packages\flask\app.py", line 870, in full_dispatch_request
    rv = self.dispatch_request()
         ^^^^^^^^^^^^^^^^^^^^^^^
  File "C:\Python\Python312\Lib\site-packages\flask\app.py", line 855, in dispatch_request
    return self.ensure_sync(self.view_functions[rule.endpoint])(**view_args)  # type: ignore[no-any-return]
           ^^^^^^^^^^^^^^^^^^^^^^^^^^^^^^^^^^^^^^^^^^^^^^^^^^^^^^^^^^^^^^^^^
  File "C:\Users\ajimmy\Projects\MaLiknot\MaLiknot\app.py", line 239, in view_list
    return render_template("list.html", list_id=list_id, items=items)
           ^^^^^^^^^^^^^^^^^^^^^^^^^^^^^^^^^^^^^^^^^^^^^^^^^^^^^^^^^^
  File "C:\Python\Python312\Lib\site-packages\flask\templating.py", line 150, in render_template
    return _render(app, template, context)
           ^^^^^^^^^^^^^^^^^^^^^^^^^^^^^^^
  File "C:\Python\Python312\Lib\site-packages\flask\templating.py", line 131, in _render
    rv = template.render(context)
         ^^^^^^^^^^^^^^^^^^^^^^^^
  File "C:\Python\Python312\Lib\site-packages\jinja2\environment.py", line 1301, in render
    self.environment.handle_exception()
  File "C:\Python\Python312\Lib\site-packages\jinja2\environment.py", line 936, in handle_exception
    raise rewrite_traceback_stack(source=source)
  File "C:\Users\ajimmy\Projects\MaLiknot\MaLiknot\templates\list.html", line 44, in top-level template code
    <a href="{{ url_for('export', list_name=list_name) }}" class="btn btn-success">Export CSV</a>
    ^^^^^^^^^^^^^^^^^^^^^^^^^
  File "C:\Python\Python312\Lib\site-packages\flask\app.py", line 1074, in url_for
    return self.handle_url_build_error(error, endpoint, values)
           ^^^^^^^^^^^^^^^^^^^^^^^^^^^^^^^^^^^^^^^^^^^^^^^^^^^^
  File "C:\Python\Python312\Lib\site-packages\flask\app.py", line 1063, in url_for
    rv = url_adapter.build(  # type: ignore[union-attr]
         ^^^^^^^^^^^^^^^^^^^^^^^^^^^^^^^^^^^^^^^^^^^^^^
  File "C:\Python\Python312\Lib\site-packages\werkzeug\routing\map.py", line 919, in build
    raise BuildError(endpoint, values, method, self)
werkzeug.routing.exceptions.BuildError: Could not build url for endpoint 'export' with values ['list_name']. Did you forget to specify values ['list_id']?
Exception on /list/9 [GET]
Traceback (most recent call last):
  File "C:\Python\Python312\Lib\site-packages\flask\app.py", line 1463, in wsgi_app
    response = self.full_dispatch_request()
               ^^^^^^^^^^^^^^^^^^^^^^^^^^^^
  File "C:\Python\Python312\Lib\site-packages\flask\app.py", line 872, in full_dispatch_request
    rv = self.handle_user_exception(e)
         ^^^^^^^^^^^^^^^^^^^^^^^^^^^^^
  File "C:\Python\Python312\Lib\site-packages\flask\app.py", line 870, in full_dispatch_request
    rv = self.dispatch_request()
         ^^^^^^^^^^^^^^^^^^^^^^^
  File "C:\Python\Python312\Lib\site-packages\flask\app.py", line 855, in dispatch_request
    return self.ensure_sync(self.view_functions[rule.endpoint])(**view_args)  # type: ignore[no-any-return]
           ^^^^^^^^^^^^^^^^^^^^^^^^^^^^^^^^^^^^^^^^^^^^^^^^^^^^^^^^^^^^^^^^^
  File "C:\Users\ajimmy\Projects\MaLiknot\MaLiknot\app.py", line 229, in view_list
    return render_template("list.html", list_id=list_id, items=items)
           ^^^^^^^^^^^^^^^^^^^^^^^^^^^^^^^^^^^^^^^^^^^^^^^^^^^^^^^^^^
  File "C:\Python\Python312\Lib\site-packages\flask\templating.py", line 150, in render_template
    return _render(app, template, context)
           ^^^^^^^^^^^^^^^^^^^^^^^^^^^^^^^
  File "C:\Python\Python312\Lib\site-packages\flask\templating.py", line 131, in _render
    rv = template.render(context)
         ^^^^^^^^^^^^^^^^^^^^^^^^
  File "C:\Python\Python312\Lib\site-packages\jinja2\environment.py", line 1301, in render
    self.environment.handle_exception()
  File "C:\Python\Python312\Lib\site-packages\jinja2\environment.py", line 936, in handle_exception
    raise rewrite_traceback_stack(source=source)
  File "C:\Users\ajimmy\Projects\MaLiknot\MaLiknot\templates\list.html", line 44, in top-level template code
    <a href="{{ url_for('export', list_name=list_name) }}" class="btn btn-success">Export CSV</a>
    ^^^^^^^^^^^^^^^^^^^^^^^^^
  File "C:\Python\Python312\Lib\site-packages\flask\app.py", line 1074, in url_for
    return self.handle_url_build_error(error, endpoint, values)
           ^^^^^^^^^^^^^^^^^^^^^^^^^^^^^^^^^^^^^^^^^^^^^^^^^^^^
  File "C:\Python\Python312\Lib\site-packages\flask\app.py", line 1063, in url_for
    rv = url_adapter.build(  # type: ignore[union-attr]
         ^^^^^^^^^^^^^^^^^^^^^^^^^^^^^^^^^^^^^^^^^^^^^^
  File "C:\Python\Python312\Lib\site-packages\werkzeug\routing\map.py", line 919, in build
    raise BuildError(endpoint, values, method, self)
werkzeug.routing.exceptions.BuildError: Could not build url for endpoint 'export' with values ['list_name']. Did you forget to specify values ['list_id']?
Exception on /list/9 [GET]
Traceback (most recent call last):
  File "C:\Python\Python312\Lib\site-packages\flask\app.py", line 1463, in wsgi_app
    response = self.full_dispatch_request()
               ^^^^^^^^^^^^^^^^^^^^^^^^^^^^
  File "C:\Python\Python312\Lib\site-packages\flask\app.py", line 872, in full_dispatch_request
    rv = self.handle_user_exception(e)
         ^^^^^^^^^^^^^^^^^^^^^^^^^^^^^
  File "C:\Python\Python312\Lib\site-packages\flask\app.py", line 870, in full_dispatch_request
    rv = self.dispatch_request()
         ^^^^^^^^^^^^^^^^^^^^^^^
  File "C:\Python\Python312\Lib\site-packages\flask\app.py", line 855, in dispatch_request
    return self.ensure_sync(self.view_functions[rule.endpoint])(**view_args)  # type: ignore[no-any-return]
           ^^^^^^^^^^^^^^^^^^^^^^^^^^^^^^^^^^^^^^^^^^^^^^^^^^^^^^^^^^^^^^^^^
  File "C:\Users\ajimmy\Projects\MaLiknot\MaLiknot\app.py", line 229, in view_list
    """
        
  File "C:\Python\Python312\Lib\site-packages\flask\templating.py", line 150, in render_template
    return _render(app, template, context)
           ^^^^^^^^^^^^^^^^^^^^^^^^^^^^^^^
  File "C:\Python\Python312\Lib\site-packages\flask\templating.py", line 131, in _render
    rv = template.render(context)
         ^^^^^^^^^^^^^^^^^^^^^^^^
  File "C:\Python\Python312\Lib\site-packages\jinja2\environment.py", line 1301, in render
    self.environment.handle_exception()
  File "C:\Python\Python312\Lib\site-packages\jinja2\environment.py", line 936, in handle_exception
    raise rewrite_traceback_stack(source=source)
  File "C:\Users\ajimmy\Projects\MaLiknot\MaLiknot\templates\list.html", line 44, in top-level template code
    <a href="{{ url_for('export', list_name=list_name) }}" class="btn btn-success">Export CSV</a>
    ^^^^^^^^^^^^^^^^^^^^^^^^^
  File "C:\Python\Python312\Lib\site-packages\flask\app.py", line 1074, in url_for
    return self.handle_url_build_error(error, endpoint, values)
           ^^^^^^^^^^^^^^^^^^^^^^^^^^^^^^^^^^^^^^^^^^^^^^^^^^^^
  File "C:\Python\Python312\Lib\site-packages\flask\app.py", line 1063, in url_for
    rv = url_adapter.build(  # type: ignore[union-attr]
         ^^^^^^^^^^^^^^^^^^^^^^^^^^^^^^^^^^^^^^^^^^^^^^
  File "C:\Python\Python312\Lib\site-packages\werkzeug\routing\map.py", line 919, in build
    raise BuildError(endpoint, values, method, self)
werkzeug.routing.exceptions.BuildError: Could not build url for endpoint 'export' with values ['list_name']. Did you forget to specify values ['list_id']?
Exception on /list/9 [GET]
Traceback (most recent call last):
  File "C:\Python\Python312\Lib\site-packages\flask\app.py", line 1463, in wsgi_app
    response = self.full_dispatch_request()
               ^^^^^^^^^^^^^^^^^^^^^^^^^^^^
  File "C:\Python\Python312\Lib\site-packages\flask\app.py", line 872, in full_dispatch_request
    rv = self.handle_user_exception(e)
         ^^^^^^^^^^^^^^^^^^^^^^^^^^^^^
  File "C:\Python\Python312\Lib\site-packages\flask\app.py", line 870, in full_dispatch_request
    rv = self.dispatch_request()
         ^^^^^^^^^^^^^^^^^^^^^^^
  File "C:\Python\Python312\Lib\site-packages\flask\app.py", line 855, in dispatch_request
    return self.ensure_sync(self.view_functions[rule.endpoint])(**view_args)  # type: ignore[no-any-return]
           ^^^^^^^^^^^^^^^^^^^^^^^^^^^^^^^^^^^^^^^^^^^^^^^^^^^^^^^^^^^^^^^^^
  File "C:\Users\ajimmy\Projects\MaLiknot\MaLiknot\app.py", line 226, in view_list
    items = database_read(f"select * from product_in_list where list_id ='{list_id}';")
            ^^^^^^^^^^^^^^^^^^^^^^^^^^^^^^^^^^^^^^^^^^^^^^^^^^^^^^^^^^^^^^^^^^^^^^^^^^^
  File "C:\Users\ajimmy\Projects\MaLiknot\MaLiknot\HandelDB.py", line 34, in database_read
    db.execute(sql)
sqlite3.OperationalError: no such table: product_in_list
Exception on /list/9 [GET]
Traceback (most recent call last):
  File "C:\Python\Python312\Lib\site-packages\flask\app.py", line 1463, in wsgi_app
    response = self.full_dispatch_request()
               ^^^^^^^^^^^^^^^^^^^^^^^^^^^^
  File "C:\Python\Python312\Lib\site-packages\flask\app.py", line 872, in full_dispatch_request
    rv = self.handle_user_exception(e)
         ^^^^^^^^^^^^^^^^^^^^^^^^^^^^^
  File "C:\Python\Python312\Lib\site-packages\flask\app.py", line 870, in full_dispatch_request
    rv = self.dispatch_request()
         ^^^^^^^^^^^^^^^^^^^^^^^
  File "C:\Python\Python312\Lib\site-packages\flask\app.py", line 855, in dispatch_request
    return self.ensure_sync(self.view_functions[rule.endpoint])(**view_args)  # type: ignore[no-any-return]
           ^^^^^^^^^^^^^^^^^^^^^^^^^^^^^^^^^^^^^^^^^^^^^^^^^^^^^^^^^^^^^^^^^
  File "C:\Users\ajimmy\Projects\MaLiknot\MaLiknot\app.py", line 228, in view_list
    return render_template("list.html", list_id=list_id, items=items)
           ^^^^^^^^^^^^^^^^^^^^^^^^^^^^^^^^^^^^^^^^^^^^^^^^^^^^^^^^^^
  File "C:\Python\Python312\Lib\site-packages\flask\templating.py", line 150, in render_template
    return _render(app, template, context)
           ^^^^^^^^^^^^^^^^^^^^^^^^^^^^^^^
  File "C:\Python\Python312\Lib\site-packages\flask\templating.py", line 131, in _render
    rv = template.render(context)
         ^^^^^^^^^^^^^^^^^^^^^^^^
  File "C:\Python\Python312\Lib\site-packages\jinja2\environment.py", line 1301, in render
    self.environment.handle_exception()
  File "C:\Python\Python312\Lib\site-packages\jinja2\environment.py", line 936, in handle_exception
    raise rewrite_traceback_stack(source=source)
  File "C:\Users\ajimmy\Projects\MaLiknot\MaLiknot\templates\list.html", line 44, in top-level template code
    <a href="{{ url_for('export', list_name=list_name) }}" class="btn btn-success">Export CSV</a>
    ^^^^^^^^^^^^^^^^^^^^^^^^^
  File "C:\Python\Python312\Lib\site-packages\flask\app.py", line 1074, in url_for
    return self.handle_url_build_error(error, endpoint, values)
           ^^^^^^^^^^^^^^^^^^^^^^^^^^^^^^^^^^^^^^^^^^^^^^^^^^^^
  File "C:\Python\Python312\Lib\site-packages\flask\app.py", line 1063, in url_for
    rv = url_adapter.build(  # type: ignore[union-attr]
         ^^^^^^^^^^^^^^^^^^^^^^^^^^^^^^^^^^^^^^^^^^^^^^
  File "C:\Python\Python312\Lib\site-packages\werkzeug\routing\map.py", line 919, in build
    raise BuildError(endpoint, values, method, self)
werkzeug.routing.exceptions.BuildError: Could not build url for endpoint 'export' with values ['list_name']. Did you forget to specify values ['list_id']?
Exception on /list/9 [GET]
Traceback (most recent call last):
  File "C:\Python\Python312\Lib\site-packages\flask\app.py", line 1463, in wsgi_app
    response = self.full_dispatch_request()
               ^^^^^^^^^^^^^^^^^^^^^^^^^^^^
  File "C:\Python\Python312\Lib\site-packages\flask\app.py", line 872, in full_dispatch_request
    rv = self.handle_user_exception(e)
         ^^^^^^^^^^^^^^^^^^^^^^^^^^^^^
  File "C:\Python\Python312\Lib\site-packages\flask\app.py", line 870, in full_dispatch_request
    rv = self.dispatch_request()
         ^^^^^^^^^^^^^^^^^^^^^^^
  File "C:\Python\Python312\Lib\site-packages\flask\app.py", line 855, in dispatch_request
    return self.ensure_sync(self.view_functions[rule.endpoint])(**view_args)  # type: ignore[no-any-return]
           ^^^^^^^^^^^^^^^^^^^^^^^^^^^^^^^^^^^^^^^^^^^^^^^^^^^^^^^^^^^^^^^^^
  File "C:\Users\ajimmy\Projects\MaLiknot\MaLiknot\app.py", line 228, in view_list
    list_name = list_data['name']
                ~~~~~~~~~^^^^^^^^
TypeError: list indices must be integers or slices, not str
Exception on /list/9 [GET]
Traceback (most recent call last):
  File "C:\Python\Python312\Lib\site-packages\flask\app.py", line 1463, in wsgi_app
    response = self.full_dispatch_request()
               ^^^^^^^^^^^^^^^^^^^^^^^^^^^^
  File "C:\Python\Python312\Lib\site-packages\flask\app.py", line 872, in full_dispatch_request
    rv = self.handle_user_exception(e)
         ^^^^^^^^^^^^^^^^^^^^^^^^^^^^^
  File "C:\Python\Python312\Lib\site-packages\flask\app.py", line 870, in full_dispatch_request
    rv = self.dispatch_request()
         ^^^^^^^^^^^^^^^^^^^^^^^
  File "C:\Python\Python312\Lib\site-packages\flask\app.py", line 855, in dispatch_request
    return self.ensure_sync(self.view_functions[rule.endpoint])(**view_args)  # type: ignore[no-any-return]
           ^^^^^^^^^^^^^^^^^^^^^^^^^^^^^^^^^^^^^^^^^^^^^^^^^^^^^^^^^^^^^^^^^
  File "C:\Users\ajimmy\Projects\MaLiknot\MaLiknot\app.py", line 229, in view_list
    list_name = list_data.name
                ^^^^^^^^^^^^^^
AttributeError: 'list' object has no attribute 'name'
Exception on /list/9 [GET]
Traceback (most recent call last):
  File "C:\Python\Python312\Lib\site-packages\flask\app.py", line 1463, in wsgi_app
    response = self.full_dispatch_request()
               ^^^^^^^^^^^^^^^^^^^^^^^^^^^^
  File "C:\Python\Python312\Lib\site-packages\flask\app.py", line 872, in full_dispatch_request
    rv = self.handle_user_exception(e)
         ^^^^^^^^^^^^^^^^^^^^^^^^^^^^^
  File "C:\Python\Python312\Lib\site-packages\flask\app.py", line 870, in full_dispatch_request
    rv = self.dispatch_request()
         ^^^^^^^^^^^^^^^^^^^^^^^
  File "C:\Python\Python312\Lib\site-packages\flask\app.py", line 855, in dispatch_request
    return self.ensure_sync(self.view_functions[rule.endpoint])(**view_args)  # type: ignore[no-any-return]
           ^^^^^^^^^^^^^^^^^^^^^^^^^^^^^^^^^^^^^^^^^^^^^^^^^^^^^^^^^^^^^^^^^
  File "C:\Users\ajimmy\Projects\MaLiknot\MaLiknot\app.py", line 228, in view_list
    list_name = list_data('name')
                ^^^^^^^^^^^^^^^^^
TypeError: 'list' object is not callable
